Created by PLY version 3.10 (http://www.dabeaz.com/ply)

Grammar

Rule 0     S' -> MAIN
Rule 1     MAIN -> Expression
Rule 2     Factor -> NUMBER
Rule 3     Factor -> Identifier
Rule 4     Factor -> INFINITY
Rule 5     Factor -> LPAREN Expression RPAREN
Rule 6     Term -> Term TIMES Factor
Rule 7     Term -> Term DIVIDE Factor
Rule 8     Term -> Term MOD Factor
Rule 9     Term -> Term QUOTIENT Factor
Rule 10    Term -> Term CARET LBRACE Factor RBRACE
Rule 11    Term -> Factor
Rule 12    Expression -> Expression PLUS Term
Rule 13    Expression -> Expression MINUS Term
Rule 14    Expression -> Term
Rule 15    Expression -> FRAC LBRACE Expression RBRACE LBRACE Expression RBRACE
Rule 16    Factor -> SQRT LBRACE Expression RBRACE
Rule 17    Factor -> LFLOOR Expression RFLOOR
Rule 18    Factor -> LCEIL Expression RCEIL
Rule 19    Factor -> PIPE Expression PIPE
Rule 20    Factor -> SIN LPAREN Expression RPAREN
Rule 21    Factor -> COS LPAREN Expression RPAREN
Rule 22    Factor -> TAN LPAREN Expression RPAREN
Rule 23    Factor -> ATAN LPAREN Expression COMMA Expression RPAREN
Rule 24    Factor -> ATAN LPAREN Expression RPAREN
Rule 25    Factor -> LOG LPAREN Expression RPAREN
Rule 26    Factor -> LN LPAREN Expression RPAREN
Rule 27    Factor -> EXP LPAREN Expression RPAREN
Rule 28    Factor -> Identifier LPAREN ExpressionList RPAREN
Rule 29    Factor -> Identifier LPAREN RPAREN
Rule 30    Identifier -> ID
Rule 31    ExpressionList -> ExpressionList COMMA Expression
Rule 32    ExpressionList -> Expression

Terminals, with rules where they appear

ATAN                 : 23 24
CARET                : 10
COMMA                : 23 31
COS                  : 21
DIVIDE               : 7
EXP                  : 27
FRAC                 : 15
ID                   : 30
INFINITY             : 4
LBRACE               : 10 15 15 16
LCEIL                : 18
LFLOOR               : 17
LN                   : 26
LOG                  : 25
LPAREN               : 5 20 21 22 23 24 25 26 27 28 29
MINUS                : 13
MOD                  : 8
NUMBER               : 2
PIPE                 : 19 19
PLUS                 : 12
QUOTIENT             : 9
RBRACE               : 10 15 15 16
RCEIL                : 18
RFLOOR               : 17
RPAREN               : 5 20 21 22 23 24 25 26 27 28 29
SIN                  : 20
SQRT                 : 16
TAN                  : 22
TIMES                : 6
error                : 

Nonterminals, with rules where they appear

Expression           : 1 5 12 13 15 15 16 17 18 19 20 21 22 23 23 24 25 26 27 31 32
ExpressionList       : 28 31
Factor               : 6 7 8 9 10 11
Identifier           : 3 28 29
MAIN                 : 0
Term                 : 6 7 8 9 10 12 13 14

Parsing method: LALR

state 0

    (0) S' -> . MAIN
    (1) MAIN -> . Expression
    (12) Expression -> . Expression PLUS Term
    (13) Expression -> . Expression MINUS Term
    (14) Expression -> . Term
    (15) Expression -> . FRAC LBRACE Expression RBRACE LBRACE Expression RBRACE
    (6) Term -> . Term TIMES Factor
    (7) Term -> . Term DIVIDE Factor
    (8) Term -> . Term MOD Factor
    (9) Term -> . Term QUOTIENT Factor
    (10) Term -> . Term CARET LBRACE Factor RBRACE
    (11) Term -> . Factor
    (2) Factor -> . NUMBER
    (3) Factor -> . Identifier
    (4) Factor -> . INFINITY
    (5) Factor -> . LPAREN Expression RPAREN
    (16) Factor -> . SQRT LBRACE Expression RBRACE
    (17) Factor -> . LFLOOR Expression RFLOOR
    (18) Factor -> . LCEIL Expression RCEIL
    (19) Factor -> . PIPE Expression PIPE
    (20) Factor -> . SIN LPAREN Expression RPAREN
    (21) Factor -> . COS LPAREN Expression RPAREN
    (22) Factor -> . TAN LPAREN Expression RPAREN
    (23) Factor -> . ATAN LPAREN Expression COMMA Expression RPAREN
    (24) Factor -> . ATAN LPAREN Expression RPAREN
    (25) Factor -> . LOG LPAREN Expression RPAREN
    (26) Factor -> . LN LPAREN Expression RPAREN
    (27) Factor -> . EXP LPAREN Expression RPAREN
    (28) Factor -> . Identifier LPAREN ExpressionList RPAREN
    (29) Factor -> . Identifier LPAREN RPAREN
    (30) Identifier -> . ID

    FRAC            shift and go to state 14
    NUMBER          shift and go to state 5
    INFINITY        shift and go to state 8
    LPAREN          shift and go to state 16
    SQRT            shift and go to state 20
    LFLOOR          shift and go to state 1
    LCEIL           shift and go to state 4
    PIPE            shift and go to state 11
    SIN             shift and go to state 10
    COS             shift and go to state 2
    TAN             shift and go to state 12
    ATAN            shift and go to state 15
    LOG             shift and go to state 3
    LN              shift and go to state 9
    EXP             shift and go to state 6
    ID              shift and go to state 19

    Term                           shift and go to state 13
    Identifier                     shift and go to state 17
    Factor                         shift and go to state 7
    MAIN                           shift and go to state 21
    Expression                     shift and go to state 18

state 1

    (17) Factor -> LFLOOR . Expression RFLOOR
    (12) Expression -> . Expression PLUS Term
    (13) Expression -> . Expression MINUS Term
    (14) Expression -> . Term
    (15) Expression -> . FRAC LBRACE Expression RBRACE LBRACE Expression RBRACE
    (6) Term -> . Term TIMES Factor
    (7) Term -> . Term DIVIDE Factor
    (8) Term -> . Term MOD Factor
    (9) Term -> . Term QUOTIENT Factor
    (10) Term -> . Term CARET LBRACE Factor RBRACE
    (11) Term -> . Factor
    (2) Factor -> . NUMBER
    (3) Factor -> . Identifier
    (4) Factor -> . INFINITY
    (5) Factor -> . LPAREN Expression RPAREN
    (16) Factor -> . SQRT LBRACE Expression RBRACE
    (17) Factor -> . LFLOOR Expression RFLOOR
    (18) Factor -> . LCEIL Expression RCEIL
    (19) Factor -> . PIPE Expression PIPE
    (20) Factor -> . SIN LPAREN Expression RPAREN
    (21) Factor -> . COS LPAREN Expression RPAREN
    (22) Factor -> . TAN LPAREN Expression RPAREN
    (23) Factor -> . ATAN LPAREN Expression COMMA Expression RPAREN
    (24) Factor -> . ATAN LPAREN Expression RPAREN
    (25) Factor -> . LOG LPAREN Expression RPAREN
    (26) Factor -> . LN LPAREN Expression RPAREN
    (27) Factor -> . EXP LPAREN Expression RPAREN
    (28) Factor -> . Identifier LPAREN ExpressionList RPAREN
    (29) Factor -> . Identifier LPAREN RPAREN
    (30) Identifier -> . ID

    FRAC            shift and go to state 14
    NUMBER          shift and go to state 5
    INFINITY        shift and go to state 8
    LPAREN          shift and go to state 16
    SQRT            shift and go to state 20
    LFLOOR          shift and go to state 1
    LCEIL           shift and go to state 4
    PIPE            shift and go to state 11
    SIN             shift and go to state 10
    COS             shift and go to state 2
    TAN             shift and go to state 12
    ATAN            shift and go to state 15
    LOG             shift and go to state 3
    LN              shift and go to state 9
    EXP             shift and go to state 6
    ID              shift and go to state 19

    Term                           shift and go to state 13
    Identifier                     shift and go to state 17
    Expression                     shift and go to state 22
    Factor                         shift and go to state 7

state 2

    (21) Factor -> COS . LPAREN Expression RPAREN

    LPAREN          shift and go to state 23


state 3

    (25) Factor -> LOG . LPAREN Expression RPAREN

    LPAREN          shift and go to state 24


state 4

    (18) Factor -> LCEIL . Expression RCEIL
    (12) Expression -> . Expression PLUS Term
    (13) Expression -> . Expression MINUS Term
    (14) Expression -> . Term
    (15) Expression -> . FRAC LBRACE Expression RBRACE LBRACE Expression RBRACE
    (6) Term -> . Term TIMES Factor
    (7) Term -> . Term DIVIDE Factor
    (8) Term -> . Term MOD Factor
    (9) Term -> . Term QUOTIENT Factor
    (10) Term -> . Term CARET LBRACE Factor RBRACE
    (11) Term -> . Factor
    (2) Factor -> . NUMBER
    (3) Factor -> . Identifier
    (4) Factor -> . INFINITY
    (5) Factor -> . LPAREN Expression RPAREN
    (16) Factor -> . SQRT LBRACE Expression RBRACE
    (17) Factor -> . LFLOOR Expression RFLOOR
    (18) Factor -> . LCEIL Expression RCEIL
    (19) Factor -> . PIPE Expression PIPE
    (20) Factor -> . SIN LPAREN Expression RPAREN
    (21) Factor -> . COS LPAREN Expression RPAREN
    (22) Factor -> . TAN LPAREN Expression RPAREN
    (23) Factor -> . ATAN LPAREN Expression COMMA Expression RPAREN
    (24) Factor -> . ATAN LPAREN Expression RPAREN
    (25) Factor -> . LOG LPAREN Expression RPAREN
    (26) Factor -> . LN LPAREN Expression RPAREN
    (27) Factor -> . EXP LPAREN Expression RPAREN
    (28) Factor -> . Identifier LPAREN ExpressionList RPAREN
    (29) Factor -> . Identifier LPAREN RPAREN
    (30) Identifier -> . ID

    FRAC            shift and go to state 14
    NUMBER          shift and go to state 5
    INFINITY        shift and go to state 8
    LPAREN          shift and go to state 16
    SQRT            shift and go to state 20
    LFLOOR          shift and go to state 1
    LCEIL           shift and go to state 4
    PIPE            shift and go to state 11
    SIN             shift and go to state 10
    COS             shift and go to state 2
    TAN             shift and go to state 12
    ATAN            shift and go to state 15
    LOG             shift and go to state 3
    LN              shift and go to state 9
    EXP             shift and go to state 6
    ID              shift and go to state 19

    Term                           shift and go to state 13
    Identifier                     shift and go to state 17
    Expression                     shift and go to state 25
    Factor                         shift and go to state 7

state 5

    (2) Factor -> NUMBER .

    TIMES           reduce using rule 2 (Factor -> NUMBER .)
    DIVIDE          reduce using rule 2 (Factor -> NUMBER .)
    MOD             reduce using rule 2 (Factor -> NUMBER .)
    QUOTIENT        reduce using rule 2 (Factor -> NUMBER .)
    CARET           reduce using rule 2 (Factor -> NUMBER .)
    RPAREN          reduce using rule 2 (Factor -> NUMBER .)
    PLUS            reduce using rule 2 (Factor -> NUMBER .)
    MINUS           reduce using rule 2 (Factor -> NUMBER .)
    PIPE            reduce using rule 2 (Factor -> NUMBER .)
    $end            reduce using rule 2 (Factor -> NUMBER .)
    RFLOOR          reduce using rule 2 (Factor -> NUMBER .)
    RCEIL           reduce using rule 2 (Factor -> NUMBER .)
    RBRACE          reduce using rule 2 (Factor -> NUMBER .)
    COMMA           reduce using rule 2 (Factor -> NUMBER .)


state 6

    (27) Factor -> EXP . LPAREN Expression RPAREN

    LPAREN          shift and go to state 26


state 7

    (11) Term -> Factor .

    TIMES           reduce using rule 11 (Term -> Factor .)
    DIVIDE          reduce using rule 11 (Term -> Factor .)
    MOD             reduce using rule 11 (Term -> Factor .)
    QUOTIENT        reduce using rule 11 (Term -> Factor .)
    CARET           reduce using rule 11 (Term -> Factor .)
    RBRACE          reduce using rule 11 (Term -> Factor .)
    PLUS            reduce using rule 11 (Term -> Factor .)
    MINUS           reduce using rule 11 (Term -> Factor .)
    $end            reduce using rule 11 (Term -> Factor .)
    RPAREN          reduce using rule 11 (Term -> Factor .)
    COMMA           reduce using rule 11 (Term -> Factor .)
    RFLOOR          reduce using rule 11 (Term -> Factor .)
    RCEIL           reduce using rule 11 (Term -> Factor .)
    PIPE            reduce using rule 11 (Term -> Factor .)


state 8

    (4) Factor -> INFINITY .

    TIMES           reduce using rule 4 (Factor -> INFINITY .)
    DIVIDE          reduce using rule 4 (Factor -> INFINITY .)
    MOD             reduce using rule 4 (Factor -> INFINITY .)
    QUOTIENT        reduce using rule 4 (Factor -> INFINITY .)
    CARET           reduce using rule 4 (Factor -> INFINITY .)
    RPAREN          reduce using rule 4 (Factor -> INFINITY .)
    PLUS            reduce using rule 4 (Factor -> INFINITY .)
    MINUS           reduce using rule 4 (Factor -> INFINITY .)
    PIPE            reduce using rule 4 (Factor -> INFINITY .)
    $end            reduce using rule 4 (Factor -> INFINITY .)
    RFLOOR          reduce using rule 4 (Factor -> INFINITY .)
    RCEIL           reduce using rule 4 (Factor -> INFINITY .)
    RBRACE          reduce using rule 4 (Factor -> INFINITY .)
    COMMA           reduce using rule 4 (Factor -> INFINITY .)


state 9

    (26) Factor -> LN . LPAREN Expression RPAREN

    LPAREN          shift and go to state 27


state 10

    (20) Factor -> SIN . LPAREN Expression RPAREN

    LPAREN          shift and go to state 28


state 11

    (19) Factor -> PIPE . Expression PIPE
    (12) Expression -> . Expression PLUS Term
    (13) Expression -> . Expression MINUS Term
    (14) Expression -> . Term
    (15) Expression -> . FRAC LBRACE Expression RBRACE LBRACE Expression RBRACE
    (6) Term -> . Term TIMES Factor
    (7) Term -> . Term DIVIDE Factor
    (8) Term -> . Term MOD Factor
    (9) Term -> . Term QUOTIENT Factor
    (10) Term -> . Term CARET LBRACE Factor RBRACE
    (11) Term -> . Factor
    (2) Factor -> . NUMBER
    (3) Factor -> . Identifier
    (4) Factor -> . INFINITY
    (5) Factor -> . LPAREN Expression RPAREN
    (16) Factor -> . SQRT LBRACE Expression RBRACE
    (17) Factor -> . LFLOOR Expression RFLOOR
    (18) Factor -> . LCEIL Expression RCEIL
    (19) Factor -> . PIPE Expression PIPE
    (20) Factor -> . SIN LPAREN Expression RPAREN
    (21) Factor -> . COS LPAREN Expression RPAREN
    (22) Factor -> . TAN LPAREN Expression RPAREN
    (23) Factor -> . ATAN LPAREN Expression COMMA Expression RPAREN
    (24) Factor -> . ATAN LPAREN Expression RPAREN
    (25) Factor -> . LOG LPAREN Expression RPAREN
    (26) Factor -> . LN LPAREN Expression RPAREN
    (27) Factor -> . EXP LPAREN Expression RPAREN
    (28) Factor -> . Identifier LPAREN ExpressionList RPAREN
    (29) Factor -> . Identifier LPAREN RPAREN
    (30) Identifier -> . ID

    FRAC            shift and go to state 14
    NUMBER          shift and go to state 5
    INFINITY        shift and go to state 8
    LPAREN          shift and go to state 16
    SQRT            shift and go to state 20
    LFLOOR          shift and go to state 1
    LCEIL           shift and go to state 4
    PIPE            shift and go to state 11
    SIN             shift and go to state 10
    COS             shift and go to state 2
    TAN             shift and go to state 12
    ATAN            shift and go to state 15
    LOG             shift and go to state 3
    LN              shift and go to state 9
    EXP             shift and go to state 6
    ID              shift and go to state 19

    Term                           shift and go to state 13
    Identifier                     shift and go to state 17
    Expression                     shift and go to state 29
    Factor                         shift and go to state 7

state 12

    (22) Factor -> TAN . LPAREN Expression RPAREN

    LPAREN          shift and go to state 30


state 13

    (14) Expression -> Term .
    (6) Term -> Term . TIMES Factor
    (7) Term -> Term . DIVIDE Factor
    (8) Term -> Term . MOD Factor
    (9) Term -> Term . QUOTIENT Factor
    (10) Term -> Term . CARET LBRACE Factor RBRACE

    RPAREN          reduce using rule 14 (Expression -> Term .)
    PLUS            reduce using rule 14 (Expression -> Term .)
    MINUS           reduce using rule 14 (Expression -> Term .)
    RBRACE          reduce using rule 14 (Expression -> Term .)
    PIPE            reduce using rule 14 (Expression -> Term .)
    RCEIL           reduce using rule 14 (Expression -> Term .)
    COMMA           reduce using rule 14 (Expression -> Term .)
    RFLOOR          reduce using rule 14 (Expression -> Term .)
    $end            reduce using rule 14 (Expression -> Term .)
    TIMES           shift and go to state 33
    DIVIDE          shift and go to state 32
    MOD             shift and go to state 34
    QUOTIENT        shift and go to state 35
    CARET           shift and go to state 31


state 14

    (15) Expression -> FRAC . LBRACE Expression RBRACE LBRACE Expression RBRACE

    LBRACE          shift and go to state 36


state 15

    (23) Factor -> ATAN . LPAREN Expression COMMA Expression RPAREN
    (24) Factor -> ATAN . LPAREN Expression RPAREN

    LPAREN          shift and go to state 37


state 16

    (5) Factor -> LPAREN . Expression RPAREN
    (12) Expression -> . Expression PLUS Term
    (13) Expression -> . Expression MINUS Term
    (14) Expression -> . Term
    (15) Expression -> . FRAC LBRACE Expression RBRACE LBRACE Expression RBRACE
    (6) Term -> . Term TIMES Factor
    (7) Term -> . Term DIVIDE Factor
    (8) Term -> . Term MOD Factor
    (9) Term -> . Term QUOTIENT Factor
    (10) Term -> . Term CARET LBRACE Factor RBRACE
    (11) Term -> . Factor
    (2) Factor -> . NUMBER
    (3) Factor -> . Identifier
    (4) Factor -> . INFINITY
    (5) Factor -> . LPAREN Expression RPAREN
    (16) Factor -> . SQRT LBRACE Expression RBRACE
    (17) Factor -> . LFLOOR Expression RFLOOR
    (18) Factor -> . LCEIL Expression RCEIL
    (19) Factor -> . PIPE Expression PIPE
    (20) Factor -> . SIN LPAREN Expression RPAREN
    (21) Factor -> . COS LPAREN Expression RPAREN
    (22) Factor -> . TAN LPAREN Expression RPAREN
    (23) Factor -> . ATAN LPAREN Expression COMMA Expression RPAREN
    (24) Factor -> . ATAN LPAREN Expression RPAREN
    (25) Factor -> . LOG LPAREN Expression RPAREN
    (26) Factor -> . LN LPAREN Expression RPAREN
    (27) Factor -> . EXP LPAREN Expression RPAREN
    (28) Factor -> . Identifier LPAREN ExpressionList RPAREN
    (29) Factor -> . Identifier LPAREN RPAREN
    (30) Identifier -> . ID

    FRAC            shift and go to state 14
    NUMBER          shift and go to state 5
    INFINITY        shift and go to state 8
    LPAREN          shift and go to state 16
    SQRT            shift and go to state 20
    LFLOOR          shift and go to state 1
    LCEIL           shift and go to state 4
    PIPE            shift and go to state 11
    SIN             shift and go to state 10
    COS             shift and go to state 2
    TAN             shift and go to state 12
    ATAN            shift and go to state 15
    LOG             shift and go to state 3
    LN              shift and go to state 9
    EXP             shift and go to state 6
    ID              shift and go to state 19

    Term                           shift and go to state 13
    Identifier                     shift and go to state 17
    Expression                     shift and go to state 38
    Factor                         shift and go to state 7

state 17

    (3) Factor -> Identifier .
    (28) Factor -> Identifier . LPAREN ExpressionList RPAREN
    (29) Factor -> Identifier . LPAREN RPAREN

    TIMES           reduce using rule 3 (Factor -> Identifier .)
    DIVIDE          reduce using rule 3 (Factor -> Identifier .)
    MOD             reduce using rule 3 (Factor -> Identifier .)
    QUOTIENT        reduce using rule 3 (Factor -> Identifier .)
    CARET           reduce using rule 3 (Factor -> Identifier .)
    RPAREN          reduce using rule 3 (Factor -> Identifier .)
    PLUS            reduce using rule 3 (Factor -> Identifier .)
    MINUS           reduce using rule 3 (Factor -> Identifier .)
    PIPE            reduce using rule 3 (Factor -> Identifier .)
    $end            reduce using rule 3 (Factor -> Identifier .)
    RFLOOR          reduce using rule 3 (Factor -> Identifier .)
    RCEIL           reduce using rule 3 (Factor -> Identifier .)
    RBRACE          reduce using rule 3 (Factor -> Identifier .)
    COMMA           reduce using rule 3 (Factor -> Identifier .)
    LPAREN          shift and go to state 39


state 18

    (1) MAIN -> Expression .
    (12) Expression -> Expression . PLUS Term
    (13) Expression -> Expression . MINUS Term

    $end            reduce using rule 1 (MAIN -> Expression .)
    PLUS            shift and go to state 40
    MINUS           shift and go to state 41


state 19

    (30) Identifier -> ID .

    LPAREN          reduce using rule 30 (Identifier -> ID .)
    TIMES           reduce using rule 30 (Identifier -> ID .)
    DIVIDE          reduce using rule 30 (Identifier -> ID .)
    MOD             reduce using rule 30 (Identifier -> ID .)
    QUOTIENT        reduce using rule 30 (Identifier -> ID .)
    CARET           reduce using rule 30 (Identifier -> ID .)
    RBRACE          reduce using rule 30 (Identifier -> ID .)
    PLUS            reduce using rule 30 (Identifier -> ID .)
    MINUS           reduce using rule 30 (Identifier -> ID .)
    $end            reduce using rule 30 (Identifier -> ID .)
    RFLOOR          reduce using rule 30 (Identifier -> ID .)
    RCEIL           reduce using rule 30 (Identifier -> ID .)
    PIPE            reduce using rule 30 (Identifier -> ID .)
    RPAREN          reduce using rule 30 (Identifier -> ID .)
    COMMA           reduce using rule 30 (Identifier -> ID .)


state 20

    (16) Factor -> SQRT . LBRACE Expression RBRACE

    LBRACE          shift and go to state 42


state 21

    (0) S' -> MAIN .



state 22

    (17) Factor -> LFLOOR Expression . RFLOOR
    (12) Expression -> Expression . PLUS Term
    (13) Expression -> Expression . MINUS Term

    RFLOOR          shift and go to state 43
    PLUS            shift and go to state 40
    MINUS           shift and go to state 41


state 23

    (21) Factor -> COS LPAREN . Expression RPAREN
    (12) Expression -> . Expression PLUS Term
    (13) Expression -> . Expression MINUS Term
    (14) Expression -> . Term
    (15) Expression -> . FRAC LBRACE Expression RBRACE LBRACE Expression RBRACE
    (6) Term -> . Term TIMES Factor
    (7) Term -> . Term DIVIDE Factor
    (8) Term -> . Term MOD Factor
    (9) Term -> . Term QUOTIENT Factor
    (10) Term -> . Term CARET LBRACE Factor RBRACE
    (11) Term -> . Factor
    (2) Factor -> . NUMBER
    (3) Factor -> . Identifier
    (4) Factor -> . INFINITY
    (5) Factor -> . LPAREN Expression RPAREN
    (16) Factor -> . SQRT LBRACE Expression RBRACE
    (17) Factor -> . LFLOOR Expression RFLOOR
    (18) Factor -> . LCEIL Expression RCEIL
    (19) Factor -> . PIPE Expression PIPE
    (20) Factor -> . SIN LPAREN Expression RPAREN
    (21) Factor -> . COS LPAREN Expression RPAREN
    (22) Factor -> . TAN LPAREN Expression RPAREN
    (23) Factor -> . ATAN LPAREN Expression COMMA Expression RPAREN
    (24) Factor -> . ATAN LPAREN Expression RPAREN
    (25) Factor -> . LOG LPAREN Expression RPAREN
    (26) Factor -> . LN LPAREN Expression RPAREN
    (27) Factor -> . EXP LPAREN Expression RPAREN
    (28) Factor -> . Identifier LPAREN ExpressionList RPAREN
    (29) Factor -> . Identifier LPAREN RPAREN
    (30) Identifier -> . ID

    FRAC            shift and go to state 14
    NUMBER          shift and go to state 5
    INFINITY        shift and go to state 8
    LPAREN          shift and go to state 16
    SQRT            shift and go to state 20
    LFLOOR          shift and go to state 1
    LCEIL           shift and go to state 4
    PIPE            shift and go to state 11
    SIN             shift and go to state 10
    COS             shift and go to state 2
    TAN             shift and go to state 12
    ATAN            shift and go to state 15
    LOG             shift and go to state 3
    LN              shift and go to state 9
    EXP             shift and go to state 6
    ID              shift and go to state 19

    Term                           shift and go to state 13
    Identifier                     shift and go to state 17
    Expression                     shift and go to state 44
    Factor                         shift and go to state 7

state 24

    (25) Factor -> LOG LPAREN . Expression RPAREN
    (12) Expression -> . Expression PLUS Term
    (13) Expression -> . Expression MINUS Term
    (14) Expression -> . Term
    (15) Expression -> . FRAC LBRACE Expression RBRACE LBRACE Expression RBRACE
    (6) Term -> . Term TIMES Factor
    (7) Term -> . Term DIVIDE Factor
    (8) Term -> . Term MOD Factor
    (9) Term -> . Term QUOTIENT Factor
    (10) Term -> . Term CARET LBRACE Factor RBRACE
    (11) Term -> . Factor
    (2) Factor -> . NUMBER
    (3) Factor -> . Identifier
    (4) Factor -> . INFINITY
    (5) Factor -> . LPAREN Expression RPAREN
    (16) Factor -> . SQRT LBRACE Expression RBRACE
    (17) Factor -> . LFLOOR Expression RFLOOR
    (18) Factor -> . LCEIL Expression RCEIL
    (19) Factor -> . PIPE Expression PIPE
    (20) Factor -> . SIN LPAREN Expression RPAREN
    (21) Factor -> . COS LPAREN Expression RPAREN
    (22) Factor -> . TAN LPAREN Expression RPAREN
    (23) Factor -> . ATAN LPAREN Expression COMMA Expression RPAREN
    (24) Factor -> . ATAN LPAREN Expression RPAREN
    (25) Factor -> . LOG LPAREN Expression RPAREN
    (26) Factor -> . LN LPAREN Expression RPAREN
    (27) Factor -> . EXP LPAREN Expression RPAREN
    (28) Factor -> . Identifier LPAREN ExpressionList RPAREN
    (29) Factor -> . Identifier LPAREN RPAREN
    (30) Identifier -> . ID

    FRAC            shift and go to state 14
    NUMBER          shift and go to state 5
    INFINITY        shift and go to state 8
    LPAREN          shift and go to state 16
    SQRT            shift and go to state 20
    LFLOOR          shift and go to state 1
    LCEIL           shift and go to state 4
    PIPE            shift and go to state 11
    SIN             shift and go to state 10
    COS             shift and go to state 2
    TAN             shift and go to state 12
    ATAN            shift and go to state 15
    LOG             shift and go to state 3
    LN              shift and go to state 9
    EXP             shift and go to state 6
    ID              shift and go to state 19

    Term                           shift and go to state 13
    Identifier                     shift and go to state 17
    Expression                     shift and go to state 45
    Factor                         shift and go to state 7

state 25

    (18) Factor -> LCEIL Expression . RCEIL
    (12) Expression -> Expression . PLUS Term
    (13) Expression -> Expression . MINUS Term

    RCEIL           shift and go to state 46
    PLUS            shift and go to state 40
    MINUS           shift and go to state 41


state 26

    (27) Factor -> EXP LPAREN . Expression RPAREN
    (12) Expression -> . Expression PLUS Term
    (13) Expression -> . Expression MINUS Term
    (14) Expression -> . Term
    (15) Expression -> . FRAC LBRACE Expression RBRACE LBRACE Expression RBRACE
    (6) Term -> . Term TIMES Factor
    (7) Term -> . Term DIVIDE Factor
    (8) Term -> . Term MOD Factor
    (9) Term -> . Term QUOTIENT Factor
    (10) Term -> . Term CARET LBRACE Factor RBRACE
    (11) Term -> . Factor
    (2) Factor -> . NUMBER
    (3) Factor -> . Identifier
    (4) Factor -> . INFINITY
    (5) Factor -> . LPAREN Expression RPAREN
    (16) Factor -> . SQRT LBRACE Expression RBRACE
    (17) Factor -> . LFLOOR Expression RFLOOR
    (18) Factor -> . LCEIL Expression RCEIL
    (19) Factor -> . PIPE Expression PIPE
    (20) Factor -> . SIN LPAREN Expression RPAREN
    (21) Factor -> . COS LPAREN Expression RPAREN
    (22) Factor -> . TAN LPAREN Expression RPAREN
    (23) Factor -> . ATAN LPAREN Expression COMMA Expression RPAREN
    (24) Factor -> . ATAN LPAREN Expression RPAREN
    (25) Factor -> . LOG LPAREN Expression RPAREN
    (26) Factor -> . LN LPAREN Expression RPAREN
    (27) Factor -> . EXP LPAREN Expression RPAREN
    (28) Factor -> . Identifier LPAREN ExpressionList RPAREN
    (29) Factor -> . Identifier LPAREN RPAREN
    (30) Identifier -> . ID

    FRAC            shift and go to state 14
    NUMBER          shift and go to state 5
    INFINITY        shift and go to state 8
    LPAREN          shift and go to state 16
    SQRT            shift and go to state 20
    LFLOOR          shift and go to state 1
    LCEIL           shift and go to state 4
    PIPE            shift and go to state 11
    SIN             shift and go to state 10
    COS             shift and go to state 2
    TAN             shift and go to state 12
    ATAN            shift and go to state 15
    LOG             shift and go to state 3
    LN              shift and go to state 9
    EXP             shift and go to state 6
    ID              shift and go to state 19

    Term                           shift and go to state 13
    Identifier                     shift and go to state 17
    Expression                     shift and go to state 47
    Factor                         shift and go to state 7

state 27

    (26) Factor -> LN LPAREN . Expression RPAREN
    (12) Expression -> . Expression PLUS Term
    (13) Expression -> . Expression MINUS Term
    (14) Expression -> . Term
    (15) Expression -> . FRAC LBRACE Expression RBRACE LBRACE Expression RBRACE
    (6) Term -> . Term TIMES Factor
    (7) Term -> . Term DIVIDE Factor
    (8) Term -> . Term MOD Factor
    (9) Term -> . Term QUOTIENT Factor
    (10) Term -> . Term CARET LBRACE Factor RBRACE
    (11) Term -> . Factor
    (2) Factor -> . NUMBER
    (3) Factor -> . Identifier
    (4) Factor -> . INFINITY
    (5) Factor -> . LPAREN Expression RPAREN
    (16) Factor -> . SQRT LBRACE Expression RBRACE
    (17) Factor -> . LFLOOR Expression RFLOOR
    (18) Factor -> . LCEIL Expression RCEIL
    (19) Factor -> . PIPE Expression PIPE
    (20) Factor -> . SIN LPAREN Expression RPAREN
    (21) Factor -> . COS LPAREN Expression RPAREN
    (22) Factor -> . TAN LPAREN Expression RPAREN
    (23) Factor -> . ATAN LPAREN Expression COMMA Expression RPAREN
    (24) Factor -> . ATAN LPAREN Expression RPAREN
    (25) Factor -> . LOG LPAREN Expression RPAREN
    (26) Factor -> . LN LPAREN Expression RPAREN
    (27) Factor -> . EXP LPAREN Expression RPAREN
    (28) Factor -> . Identifier LPAREN ExpressionList RPAREN
    (29) Factor -> . Identifier LPAREN RPAREN
    (30) Identifier -> . ID

    FRAC            shift and go to state 14
    NUMBER          shift and go to state 5
    INFINITY        shift and go to state 8
    LPAREN          shift and go to state 16
    SQRT            shift and go to state 20
    LFLOOR          shift and go to state 1
    LCEIL           shift and go to state 4
    PIPE            shift and go to state 11
    SIN             shift and go to state 10
    COS             shift and go to state 2
    TAN             shift and go to state 12
    ATAN            shift and go to state 15
    LOG             shift and go to state 3
    LN              shift and go to state 9
    EXP             shift and go to state 6
    ID              shift and go to state 19

    Term                           shift and go to state 13
    Identifier                     shift and go to state 17
    Expression                     shift and go to state 48
    Factor                         shift and go to state 7

state 28

    (20) Factor -> SIN LPAREN . Expression RPAREN
    (12) Expression -> . Expression PLUS Term
    (13) Expression -> . Expression MINUS Term
    (14) Expression -> . Term
    (15) Expression -> . FRAC LBRACE Expression RBRACE LBRACE Expression RBRACE
    (6) Term -> . Term TIMES Factor
    (7) Term -> . Term DIVIDE Factor
    (8) Term -> . Term MOD Factor
    (9) Term -> . Term QUOTIENT Factor
    (10) Term -> . Term CARET LBRACE Factor RBRACE
    (11) Term -> . Factor
    (2) Factor -> . NUMBER
    (3) Factor -> . Identifier
    (4) Factor -> . INFINITY
    (5) Factor -> . LPAREN Expression RPAREN
    (16) Factor -> . SQRT LBRACE Expression RBRACE
    (17) Factor -> . LFLOOR Expression RFLOOR
    (18) Factor -> . LCEIL Expression RCEIL
    (19) Factor -> . PIPE Expression PIPE
    (20) Factor -> . SIN LPAREN Expression RPAREN
    (21) Factor -> . COS LPAREN Expression RPAREN
    (22) Factor -> . TAN LPAREN Expression RPAREN
    (23) Factor -> . ATAN LPAREN Expression COMMA Expression RPAREN
    (24) Factor -> . ATAN LPAREN Expression RPAREN
    (25) Factor -> . LOG LPAREN Expression RPAREN
    (26) Factor -> . LN LPAREN Expression RPAREN
    (27) Factor -> . EXP LPAREN Expression RPAREN
    (28) Factor -> . Identifier LPAREN ExpressionList RPAREN
    (29) Factor -> . Identifier LPAREN RPAREN
    (30) Identifier -> . ID

    FRAC            shift and go to state 14
    NUMBER          shift and go to state 5
    INFINITY        shift and go to state 8
    LPAREN          shift and go to state 16
    SQRT            shift and go to state 20
    LFLOOR          shift and go to state 1
    LCEIL           shift and go to state 4
    PIPE            shift and go to state 11
    SIN             shift and go to state 10
    COS             shift and go to state 2
    TAN             shift and go to state 12
    ATAN            shift and go to state 15
    LOG             shift and go to state 3
    LN              shift and go to state 9
    EXP             shift and go to state 6
    ID              shift and go to state 19

    Term                           shift and go to state 13
    Identifier                     shift and go to state 17
    Expression                     shift and go to state 49
    Factor                         shift and go to state 7

state 29

    (19) Factor -> PIPE Expression . PIPE
    (12) Expression -> Expression . PLUS Term
    (13) Expression -> Expression . MINUS Term

    PIPE            shift and go to state 50
    PLUS            shift and go to state 40
    MINUS           shift and go to state 41


state 30

    (22) Factor -> TAN LPAREN . Expression RPAREN
    (12) Expression -> . Expression PLUS Term
    (13) Expression -> . Expression MINUS Term
    (14) Expression -> . Term
    (15) Expression -> . FRAC LBRACE Expression RBRACE LBRACE Expression RBRACE
    (6) Term -> . Term TIMES Factor
    (7) Term -> . Term DIVIDE Factor
    (8) Term -> . Term MOD Factor
    (9) Term -> . Term QUOTIENT Factor
    (10) Term -> . Term CARET LBRACE Factor RBRACE
    (11) Term -> . Factor
    (2) Factor -> . NUMBER
    (3) Factor -> . Identifier
    (4) Factor -> . INFINITY
    (5) Factor -> . LPAREN Expression RPAREN
    (16) Factor -> . SQRT LBRACE Expression RBRACE
    (17) Factor -> . LFLOOR Expression RFLOOR
    (18) Factor -> . LCEIL Expression RCEIL
    (19) Factor -> . PIPE Expression PIPE
    (20) Factor -> . SIN LPAREN Expression RPAREN
    (21) Factor -> . COS LPAREN Expression RPAREN
    (22) Factor -> . TAN LPAREN Expression RPAREN
    (23) Factor -> . ATAN LPAREN Expression COMMA Expression RPAREN
    (24) Factor -> . ATAN LPAREN Expression RPAREN
    (25) Factor -> . LOG LPAREN Expression RPAREN
    (26) Factor -> . LN LPAREN Expression RPAREN
    (27) Factor -> . EXP LPAREN Expression RPAREN
    (28) Factor -> . Identifier LPAREN ExpressionList RPAREN
    (29) Factor -> . Identifier LPAREN RPAREN
    (30) Identifier -> . ID

    FRAC            shift and go to state 14
    NUMBER          shift and go to state 5
    INFINITY        shift and go to state 8
    LPAREN          shift and go to state 16
    SQRT            shift and go to state 20
    LFLOOR          shift and go to state 1
    LCEIL           shift and go to state 4
    PIPE            shift and go to state 11
    SIN             shift and go to state 10
    COS             shift and go to state 2
    TAN             shift and go to state 12
    ATAN            shift and go to state 15
    LOG             shift and go to state 3
    LN              shift and go to state 9
    EXP             shift and go to state 6
    ID              shift and go to state 19

    Term                           shift and go to state 13
    Identifier                     shift and go to state 17
    Expression                     shift and go to state 51
    Factor                         shift and go to state 7

state 31

    (10) Term -> Term CARET . LBRACE Factor RBRACE

    LBRACE          shift and go to state 52


state 32

    (7) Term -> Term DIVIDE . Factor
    (2) Factor -> . NUMBER
    (3) Factor -> . Identifier
    (4) Factor -> . INFINITY
    (5) Factor -> . LPAREN Expression RPAREN
    (16) Factor -> . SQRT LBRACE Expression RBRACE
    (17) Factor -> . LFLOOR Expression RFLOOR
    (18) Factor -> . LCEIL Expression RCEIL
    (19) Factor -> . PIPE Expression PIPE
    (20) Factor -> . SIN LPAREN Expression RPAREN
    (21) Factor -> . COS LPAREN Expression RPAREN
    (22) Factor -> . TAN LPAREN Expression RPAREN
    (23) Factor -> . ATAN LPAREN Expression COMMA Expression RPAREN
    (24) Factor -> . ATAN LPAREN Expression RPAREN
    (25) Factor -> . LOG LPAREN Expression RPAREN
    (26) Factor -> . LN LPAREN Expression RPAREN
    (27) Factor -> . EXP LPAREN Expression RPAREN
    (28) Factor -> . Identifier LPAREN ExpressionList RPAREN
    (29) Factor -> . Identifier LPAREN RPAREN
    (30) Identifier -> . ID

    NUMBER          shift and go to state 5
    INFINITY        shift and go to state 8
    LPAREN          shift and go to state 16
    SQRT            shift and go to state 20
    LFLOOR          shift and go to state 1
    LCEIL           shift and go to state 4
    PIPE            shift and go to state 11
    SIN             shift and go to state 10
    COS             shift and go to state 2
    TAN             shift and go to state 12
    ATAN            shift and go to state 15
    LOG             shift and go to state 3
    LN              shift and go to state 9
    EXP             shift and go to state 6
    ID              shift and go to state 19

    Identifier                     shift and go to state 17
    Factor                         shift and go to state 53

state 33

    (6) Term -> Term TIMES . Factor
    (2) Factor -> . NUMBER
    (3) Factor -> . Identifier
    (4) Factor -> . INFINITY
    (5) Factor -> . LPAREN Expression RPAREN
    (16) Factor -> . SQRT LBRACE Expression RBRACE
    (17) Factor -> . LFLOOR Expression RFLOOR
    (18) Factor -> . LCEIL Expression RCEIL
    (19) Factor -> . PIPE Expression PIPE
    (20) Factor -> . SIN LPAREN Expression RPAREN
    (21) Factor -> . COS LPAREN Expression RPAREN
    (22) Factor -> . TAN LPAREN Expression RPAREN
    (23) Factor -> . ATAN LPAREN Expression COMMA Expression RPAREN
    (24) Factor -> . ATAN LPAREN Expression RPAREN
    (25) Factor -> . LOG LPAREN Expression RPAREN
    (26) Factor -> . LN LPAREN Expression RPAREN
    (27) Factor -> . EXP LPAREN Expression RPAREN
    (28) Factor -> . Identifier LPAREN ExpressionList RPAREN
    (29) Factor -> . Identifier LPAREN RPAREN
    (30) Identifier -> . ID

    NUMBER          shift and go to state 5
    INFINITY        shift and go to state 8
    LPAREN          shift and go to state 16
    SQRT            shift and go to state 20
    LFLOOR          shift and go to state 1
    LCEIL           shift and go to state 4
    PIPE            shift and go to state 11
    SIN             shift and go to state 10
    COS             shift and go to state 2
    TAN             shift and go to state 12
    ATAN            shift and go to state 15
    LOG             shift and go to state 3
    LN              shift and go to state 9
    EXP             shift and go to state 6
    ID              shift and go to state 19

    Identifier                     shift and go to state 17
    Factor                         shift and go to state 54

state 34

    (8) Term -> Term MOD . Factor
    (2) Factor -> . NUMBER
    (3) Factor -> . Identifier
    (4) Factor -> . INFINITY
    (5) Factor -> . LPAREN Expression RPAREN
    (16) Factor -> . SQRT LBRACE Expression RBRACE
    (17) Factor -> . LFLOOR Expression RFLOOR
    (18) Factor -> . LCEIL Expression RCEIL
    (19) Factor -> . PIPE Expression PIPE
    (20) Factor -> . SIN LPAREN Expression RPAREN
    (21) Factor -> . COS LPAREN Expression RPAREN
    (22) Factor -> . TAN LPAREN Expression RPAREN
    (23) Factor -> . ATAN LPAREN Expression COMMA Expression RPAREN
    (24) Factor -> . ATAN LPAREN Expression RPAREN
    (25) Factor -> . LOG LPAREN Expression RPAREN
    (26) Factor -> . LN LPAREN Expression RPAREN
    (27) Factor -> . EXP LPAREN Expression RPAREN
    (28) Factor -> . Identifier LPAREN ExpressionList RPAREN
    (29) Factor -> . Identifier LPAREN RPAREN
    (30) Identifier -> . ID

    NUMBER          shift and go to state 5
    INFINITY        shift and go to state 8
    LPAREN          shift and go to state 16
    SQRT            shift and go to state 20
    LFLOOR          shift and go to state 1
    LCEIL           shift and go to state 4
    PIPE            shift and go to state 11
    SIN             shift and go to state 10
    COS             shift and go to state 2
    TAN             shift and go to state 12
    ATAN            shift and go to state 15
    LOG             shift and go to state 3
    LN              shift and go to state 9
    EXP             shift and go to state 6
    ID              shift and go to state 19

    Identifier                     shift and go to state 17
    Factor                         shift and go to state 55

state 35

    (9) Term -> Term QUOTIENT . Factor
    (2) Factor -> . NUMBER
    (3) Factor -> . Identifier
    (4) Factor -> . INFINITY
    (5) Factor -> . LPAREN Expression RPAREN
    (16) Factor -> . SQRT LBRACE Expression RBRACE
    (17) Factor -> . LFLOOR Expression RFLOOR
    (18) Factor -> . LCEIL Expression RCEIL
    (19) Factor -> . PIPE Expression PIPE
    (20) Factor -> . SIN LPAREN Expression RPAREN
    (21) Factor -> . COS LPAREN Expression RPAREN
    (22) Factor -> . TAN LPAREN Expression RPAREN
    (23) Factor -> . ATAN LPAREN Expression COMMA Expression RPAREN
    (24) Factor -> . ATAN LPAREN Expression RPAREN
    (25) Factor -> . LOG LPAREN Expression RPAREN
    (26) Factor -> . LN LPAREN Expression RPAREN
    (27) Factor -> . EXP LPAREN Expression RPAREN
    (28) Factor -> . Identifier LPAREN ExpressionList RPAREN
    (29) Factor -> . Identifier LPAREN RPAREN
    (30) Identifier -> . ID

    NUMBER          shift and go to state 5
    INFINITY        shift and go to state 8
    LPAREN          shift and go to state 16
    SQRT            shift and go to state 20
    LFLOOR          shift and go to state 1
    LCEIL           shift and go to state 4
    PIPE            shift and go to state 11
    SIN             shift and go to state 10
    COS             shift and go to state 2
    TAN             shift and go to state 12
    ATAN            shift and go to state 15
    LOG             shift and go to state 3
    LN              shift and go to state 9
    EXP             shift and go to state 6
    ID              shift and go to state 19

    Identifier                     shift and go to state 17
    Factor                         shift and go to state 56

state 36

    (15) Expression -> FRAC LBRACE . Expression RBRACE LBRACE Expression RBRACE
    (12) Expression -> . Expression PLUS Term
    (13) Expression -> . Expression MINUS Term
    (14) Expression -> . Term
    (15) Expression -> . FRAC LBRACE Expression RBRACE LBRACE Expression RBRACE
    (6) Term -> . Term TIMES Factor
    (7) Term -> . Term DIVIDE Factor
    (8) Term -> . Term MOD Factor
    (9) Term -> . Term QUOTIENT Factor
    (10) Term -> . Term CARET LBRACE Factor RBRACE
    (11) Term -> . Factor
    (2) Factor -> . NUMBER
    (3) Factor -> . Identifier
    (4) Factor -> . INFINITY
    (5) Factor -> . LPAREN Expression RPAREN
    (16) Factor -> . SQRT LBRACE Expression RBRACE
    (17) Factor -> . LFLOOR Expression RFLOOR
    (18) Factor -> . LCEIL Expression RCEIL
    (19) Factor -> . PIPE Expression PIPE
    (20) Factor -> . SIN LPAREN Expression RPAREN
    (21) Factor -> . COS LPAREN Expression RPAREN
    (22) Factor -> . TAN LPAREN Expression RPAREN
    (23) Factor -> . ATAN LPAREN Expression COMMA Expression RPAREN
    (24) Factor -> . ATAN LPAREN Expression RPAREN
    (25) Factor -> . LOG LPAREN Expression RPAREN
    (26) Factor -> . LN LPAREN Expression RPAREN
    (27) Factor -> . EXP LPAREN Expression RPAREN
    (28) Factor -> . Identifier LPAREN ExpressionList RPAREN
    (29) Factor -> . Identifier LPAREN RPAREN
    (30) Identifier -> . ID

    FRAC            shift and go to state 14
    NUMBER          shift and go to state 5
    INFINITY        shift and go to state 8
    LPAREN          shift and go to state 16
    SQRT            shift and go to state 20
    LFLOOR          shift and go to state 1
    LCEIL           shift and go to state 4
    PIPE            shift and go to state 11
    SIN             shift and go to state 10
    COS             shift and go to state 2
    TAN             shift and go to state 12
    ATAN            shift and go to state 15
    LOG             shift and go to state 3
    LN              shift and go to state 9
    EXP             shift and go to state 6
    ID              shift and go to state 19

    Term                           shift and go to state 13
    Identifier                     shift and go to state 17
    Expression                     shift and go to state 57
    Factor                         shift and go to state 7

state 37

    (23) Factor -> ATAN LPAREN . Expression COMMA Expression RPAREN
    (24) Factor -> ATAN LPAREN . Expression RPAREN
    (12) Expression -> . Expression PLUS Term
    (13) Expression -> . Expression MINUS Term
    (14) Expression -> . Term
    (15) Expression -> . FRAC LBRACE Expression RBRACE LBRACE Expression RBRACE
    (6) Term -> . Term TIMES Factor
    (7) Term -> . Term DIVIDE Factor
    (8) Term -> . Term MOD Factor
    (9) Term -> . Term QUOTIENT Factor
    (10) Term -> . Term CARET LBRACE Factor RBRACE
    (11) Term -> . Factor
    (2) Factor -> . NUMBER
    (3) Factor -> . Identifier
    (4) Factor -> . INFINITY
    (5) Factor -> . LPAREN Expression RPAREN
    (16) Factor -> . SQRT LBRACE Expression RBRACE
    (17) Factor -> . LFLOOR Expression RFLOOR
    (18) Factor -> . LCEIL Expression RCEIL
    (19) Factor -> . PIPE Expression PIPE
    (20) Factor -> . SIN LPAREN Expression RPAREN
    (21) Factor -> . COS LPAREN Expression RPAREN
    (22) Factor -> . TAN LPAREN Expression RPAREN
    (23) Factor -> . ATAN LPAREN Expression COMMA Expression RPAREN
    (24) Factor -> . ATAN LPAREN Expression RPAREN
    (25) Factor -> . LOG LPAREN Expression RPAREN
    (26) Factor -> . LN LPAREN Expression RPAREN
    (27) Factor -> . EXP LPAREN Expression RPAREN
    (28) Factor -> . Identifier LPAREN ExpressionList RPAREN
    (29) Factor -> . Identifier LPAREN RPAREN
    (30) Identifier -> . ID

    FRAC            shift and go to state 14
    NUMBER          shift and go to state 5
    INFINITY        shift and go to state 8
    LPAREN          shift and go to state 16
    SQRT            shift and go to state 20
    LFLOOR          shift and go to state 1
    LCEIL           shift and go to state 4
    PIPE            shift and go to state 11
    SIN             shift and go to state 10
    COS             shift and go to state 2
    TAN             shift and go to state 12
    ATAN            shift and go to state 15
    LOG             shift and go to state 3
    LN              shift and go to state 9
    EXP             shift and go to state 6
    ID              shift and go to state 19

    Term                           shift and go to state 13
    Identifier                     shift and go to state 17
    Expression                     shift and go to state 58
    Factor                         shift and go to state 7

state 38

    (5) Factor -> LPAREN Expression . RPAREN
    (12) Expression -> Expression . PLUS Term
    (13) Expression -> Expression . MINUS Term

    RPAREN          shift and go to state 59
    PLUS            shift and go to state 40
    MINUS           shift and go to state 41


state 39

    (28) Factor -> Identifier LPAREN . ExpressionList RPAREN
    (29) Factor -> Identifier LPAREN . RPAREN
    (31) ExpressionList -> . ExpressionList COMMA Expression
    (32) ExpressionList -> . Expression
    (12) Expression -> . Expression PLUS Term
    (13) Expression -> . Expression MINUS Term
    (14) Expression -> . Term
    (15) Expression -> . FRAC LBRACE Expression RBRACE LBRACE Expression RBRACE
    (6) Term -> . Term TIMES Factor
    (7) Term -> . Term DIVIDE Factor
    (8) Term -> . Term MOD Factor
    (9) Term -> . Term QUOTIENT Factor
    (10) Term -> . Term CARET LBRACE Factor RBRACE
    (11) Term -> . Factor
    (2) Factor -> . NUMBER
    (3) Factor -> . Identifier
    (4) Factor -> . INFINITY
    (5) Factor -> . LPAREN Expression RPAREN
    (16) Factor -> . SQRT LBRACE Expression RBRACE
    (17) Factor -> . LFLOOR Expression RFLOOR
    (18) Factor -> . LCEIL Expression RCEIL
    (19) Factor -> . PIPE Expression PIPE
    (20) Factor -> . SIN LPAREN Expression RPAREN
    (21) Factor -> . COS LPAREN Expression RPAREN
    (22) Factor -> . TAN LPAREN Expression RPAREN
    (23) Factor -> . ATAN LPAREN Expression COMMA Expression RPAREN
    (24) Factor -> . ATAN LPAREN Expression RPAREN
    (25) Factor -> . LOG LPAREN Expression RPAREN
    (26) Factor -> . LN LPAREN Expression RPAREN
    (27) Factor -> . EXP LPAREN Expression RPAREN
    (28) Factor -> . Identifier LPAREN ExpressionList RPAREN
    (29) Factor -> . Identifier LPAREN RPAREN
    (30) Identifier -> . ID

    RPAREN          shift and go to state 60
    FRAC            shift and go to state 14
    NUMBER          shift and go to state 5
    INFINITY        shift and go to state 8
    LPAREN          shift and go to state 16
    SQRT            shift and go to state 20
    LFLOOR          shift and go to state 1
    LCEIL           shift and go to state 4
    PIPE            shift and go to state 11
    SIN             shift and go to state 10
    COS             shift and go to state 2
    TAN             shift and go to state 12
    ATAN            shift and go to state 15
    LOG             shift and go to state 3
    LN              shift and go to state 9
    EXP             shift and go to state 6
    ID              shift and go to state 19

    Expression                     shift and go to state 62
    Term                           shift and go to state 13
    Identifier                     shift and go to state 17
    ExpressionList                 shift and go to state 61
    Factor                         shift and go to state 7

state 40

    (12) Expression -> Expression PLUS . Term
    (6) Term -> . Term TIMES Factor
    (7) Term -> . Term DIVIDE Factor
    (8) Term -> . Term MOD Factor
    (9) Term -> . Term QUOTIENT Factor
    (10) Term -> . Term CARET LBRACE Factor RBRACE
    (11) Term -> . Factor
    (2) Factor -> . NUMBER
    (3) Factor -> . Identifier
    (4) Factor -> . INFINITY
    (5) Factor -> . LPAREN Expression RPAREN
    (16) Factor -> . SQRT LBRACE Expression RBRACE
    (17) Factor -> . LFLOOR Expression RFLOOR
    (18) Factor -> . LCEIL Expression RCEIL
    (19) Factor -> . PIPE Expression PIPE
    (20) Factor -> . SIN LPAREN Expression RPAREN
    (21) Factor -> . COS LPAREN Expression RPAREN
    (22) Factor -> . TAN LPAREN Expression RPAREN
    (23) Factor -> . ATAN LPAREN Expression COMMA Expression RPAREN
    (24) Factor -> . ATAN LPAREN Expression RPAREN
    (25) Factor -> . LOG LPAREN Expression RPAREN
    (26) Factor -> . LN LPAREN Expression RPAREN
    (27) Factor -> . EXP LPAREN Expression RPAREN
    (28) Factor -> . Identifier LPAREN ExpressionList RPAREN
    (29) Factor -> . Identifier LPAREN RPAREN
    (30) Identifier -> . ID

    NUMBER          shift and go to state 5
    INFINITY        shift and go to state 8
    LPAREN          shift and go to state 16
    SQRT            shift and go to state 20
    LFLOOR          shift and go to state 1
    LCEIL           shift and go to state 4
    PIPE            shift and go to state 11
    SIN             shift and go to state 10
    COS             shift and go to state 2
    TAN             shift and go to state 12
    ATAN            shift and go to state 15
    LOG             shift and go to state 3
    LN              shift and go to state 9
    EXP             shift and go to state 6
    ID              shift and go to state 19

    Term                           shift and go to state 63
    Identifier                     shift and go to state 17
    Factor                         shift and go to state 7

state 41

    (13) Expression -> Expression MINUS . Term
    (6) Term -> . Term TIMES Factor
    (7) Term -> . Term DIVIDE Factor
    (8) Term -> . Term MOD Factor
    (9) Term -> . Term QUOTIENT Factor
    (10) Term -> . Term CARET LBRACE Factor RBRACE
    (11) Term -> . Factor
    (2) Factor -> . NUMBER
    (3) Factor -> . Identifier
    (4) Factor -> . INFINITY
    (5) Factor -> . LPAREN Expression RPAREN
    (16) Factor -> . SQRT LBRACE Expression RBRACE
    (17) Factor -> . LFLOOR Expression RFLOOR
    (18) Factor -> . LCEIL Expression RCEIL
    (19) Factor -> . PIPE Expression PIPE
    (20) Factor -> . SIN LPAREN Expression RPAREN
    (21) Factor -> . COS LPAREN Expression RPAREN
    (22) Factor -> . TAN LPAREN Expression RPAREN
    (23) Factor -> . ATAN LPAREN Expression COMMA Expression RPAREN
    (24) Factor -> . ATAN LPAREN Expression RPAREN
    (25) Factor -> . LOG LPAREN Expression RPAREN
    (26) Factor -> . LN LPAREN Expression RPAREN
    (27) Factor -> . EXP LPAREN Expression RPAREN
    (28) Factor -> . Identifier LPAREN ExpressionList RPAREN
    (29) Factor -> . Identifier LPAREN RPAREN
    (30) Identifier -> . ID

    NUMBER          shift and go to state 5
    INFINITY        shift and go to state 8
    LPAREN          shift and go to state 16
    SQRT            shift and go to state 20
    LFLOOR          shift and go to state 1
    LCEIL           shift and go to state 4
    PIPE            shift and go to state 11
    SIN             shift and go to state 10
    COS             shift and go to state 2
    TAN             shift and go to state 12
    ATAN            shift and go to state 15
    LOG             shift and go to state 3
    LN              shift and go to state 9
    EXP             shift and go to state 6
    ID              shift and go to state 19

    Term                           shift and go to state 64
    Identifier                     shift and go to state 17
    Factor                         shift and go to state 7

state 42

    (16) Factor -> SQRT LBRACE . Expression RBRACE
    (12) Expression -> . Expression PLUS Term
    (13) Expression -> . Expression MINUS Term
    (14) Expression -> . Term
    (15) Expression -> . FRAC LBRACE Expression RBRACE LBRACE Expression RBRACE
    (6) Term -> . Term TIMES Factor
    (7) Term -> . Term DIVIDE Factor
    (8) Term -> . Term MOD Factor
    (9) Term -> . Term QUOTIENT Factor
    (10) Term -> . Term CARET LBRACE Factor RBRACE
    (11) Term -> . Factor
    (2) Factor -> . NUMBER
    (3) Factor -> . Identifier
    (4) Factor -> . INFINITY
    (5) Factor -> . LPAREN Expression RPAREN
    (16) Factor -> . SQRT LBRACE Expression RBRACE
    (17) Factor -> . LFLOOR Expression RFLOOR
    (18) Factor -> . LCEIL Expression RCEIL
    (19) Factor -> . PIPE Expression PIPE
    (20) Factor -> . SIN LPAREN Expression RPAREN
    (21) Factor -> . COS LPAREN Expression RPAREN
    (22) Factor -> . TAN LPAREN Expression RPAREN
    (23) Factor -> . ATAN LPAREN Expression COMMA Expression RPAREN
    (24) Factor -> . ATAN LPAREN Expression RPAREN
    (25) Factor -> . LOG LPAREN Expression RPAREN
    (26) Factor -> . LN LPAREN Expression RPAREN
    (27) Factor -> . EXP LPAREN Expression RPAREN
    (28) Factor -> . Identifier LPAREN ExpressionList RPAREN
    (29) Factor -> . Identifier LPAREN RPAREN
    (30) Identifier -> . ID

    FRAC            shift and go to state 14
    NUMBER          shift and go to state 5
    INFINITY        shift and go to state 8
    LPAREN          shift and go to state 16
    SQRT            shift and go to state 20
    LFLOOR          shift and go to state 1
    LCEIL           shift and go to state 4
    PIPE            shift and go to state 11
    SIN             shift and go to state 10
    COS             shift and go to state 2
    TAN             shift and go to state 12
    ATAN            shift and go to state 15
    LOG             shift and go to state 3
    LN              shift and go to state 9
    EXP             shift and go to state 6
    ID              shift and go to state 19

    Term                           shift and go to state 13
    Identifier                     shift and go to state 17
    Expression                     shift and go to state 65
    Factor                         shift and go to state 7

state 43

    (17) Factor -> LFLOOR Expression RFLOOR .

    TIMES           reduce using rule 17 (Factor -> LFLOOR Expression RFLOOR .)
    DIVIDE          reduce using rule 17 (Factor -> LFLOOR Expression RFLOOR .)
    MOD             reduce using rule 17 (Factor -> LFLOOR Expression RFLOOR .)
    QUOTIENT        reduce using rule 17 (Factor -> LFLOOR Expression RFLOOR .)
    CARET           reduce using rule 17 (Factor -> LFLOOR Expression RFLOOR .)
    RPAREN          reduce using rule 17 (Factor -> LFLOOR Expression RFLOOR .)
    PLUS            reduce using rule 17 (Factor -> LFLOOR Expression RFLOOR .)
    MINUS           reduce using rule 17 (Factor -> LFLOOR Expression RFLOOR .)
    PIPE            reduce using rule 17 (Factor -> LFLOOR Expression RFLOOR .)
    $end            reduce using rule 17 (Factor -> LFLOOR Expression RFLOOR .)
    RFLOOR          reduce using rule 17 (Factor -> LFLOOR Expression RFLOOR .)
    RCEIL           reduce using rule 17 (Factor -> LFLOOR Expression RFLOOR .)
    RBRACE          reduce using rule 17 (Factor -> LFLOOR Expression RFLOOR .)
    COMMA           reduce using rule 17 (Factor -> LFLOOR Expression RFLOOR .)


state 44

    (21) Factor -> COS LPAREN Expression . RPAREN
    (12) Expression -> Expression . PLUS Term
    (13) Expression -> Expression . MINUS Term

    RPAREN          shift and go to state 66
    PLUS            shift and go to state 40
    MINUS           shift and go to state 41


state 45

    (25) Factor -> LOG LPAREN Expression . RPAREN
    (12) Expression -> Expression . PLUS Term
    (13) Expression -> Expression . MINUS Term

    RPAREN          shift and go to state 67
    PLUS            shift and go to state 40
    MINUS           shift and go to state 41


state 46

    (18) Factor -> LCEIL Expression RCEIL .

    TIMES           reduce using rule 18 (Factor -> LCEIL Expression RCEIL .)
    DIVIDE          reduce using rule 18 (Factor -> LCEIL Expression RCEIL .)
    MOD             reduce using rule 18 (Factor -> LCEIL Expression RCEIL .)
    QUOTIENT        reduce using rule 18 (Factor -> LCEIL Expression RCEIL .)
    CARET           reduce using rule 18 (Factor -> LCEIL Expression RCEIL .)
    RPAREN          reduce using rule 18 (Factor -> LCEIL Expression RCEIL .)
    PLUS            reduce using rule 18 (Factor -> LCEIL Expression RCEIL .)
    MINUS           reduce using rule 18 (Factor -> LCEIL Expression RCEIL .)
    PIPE            reduce using rule 18 (Factor -> LCEIL Expression RCEIL .)
    $end            reduce using rule 18 (Factor -> LCEIL Expression RCEIL .)
    RFLOOR          reduce using rule 18 (Factor -> LCEIL Expression RCEIL .)
    RCEIL           reduce using rule 18 (Factor -> LCEIL Expression RCEIL .)
    RBRACE          reduce using rule 18 (Factor -> LCEIL Expression RCEIL .)
    COMMA           reduce using rule 18 (Factor -> LCEIL Expression RCEIL .)


state 47

    (27) Factor -> EXP LPAREN Expression . RPAREN
    (12) Expression -> Expression . PLUS Term
    (13) Expression -> Expression . MINUS Term

    RPAREN          shift and go to state 68
    PLUS            shift and go to state 40
    MINUS           shift and go to state 41


state 48

    (26) Factor -> LN LPAREN Expression . RPAREN
    (12) Expression -> Expression . PLUS Term
    (13) Expression -> Expression . MINUS Term

    RPAREN          shift and go to state 69
    PLUS            shift and go to state 40
    MINUS           shift and go to state 41


state 49

    (20) Factor -> SIN LPAREN Expression . RPAREN
    (12) Expression -> Expression . PLUS Term
    (13) Expression -> Expression . MINUS Term

    RPAREN          shift and go to state 70
    PLUS            shift and go to state 40
    MINUS           shift and go to state 41


state 50

    (19) Factor -> PIPE Expression PIPE .

    TIMES           reduce using rule 19 (Factor -> PIPE Expression PIPE .)
    DIVIDE          reduce using rule 19 (Factor -> PIPE Expression PIPE .)
    MOD             reduce using rule 19 (Factor -> PIPE Expression PIPE .)
    QUOTIENT        reduce using rule 19 (Factor -> PIPE Expression PIPE .)
    CARET           reduce using rule 19 (Factor -> PIPE Expression PIPE .)
    RPAREN          reduce using rule 19 (Factor -> PIPE Expression PIPE .)
    PLUS            reduce using rule 19 (Factor -> PIPE Expression PIPE .)
    MINUS           reduce using rule 19 (Factor -> PIPE Expression PIPE .)
    PIPE            reduce using rule 19 (Factor -> PIPE Expression PIPE .)
    $end            reduce using rule 19 (Factor -> PIPE Expression PIPE .)
    RFLOOR          reduce using rule 19 (Factor -> PIPE Expression PIPE .)
    RCEIL           reduce using rule 19 (Factor -> PIPE Expression PIPE .)
    RBRACE          reduce using rule 19 (Factor -> PIPE Expression PIPE .)
    COMMA           reduce using rule 19 (Factor -> PIPE Expression PIPE .)


state 51

    (22) Factor -> TAN LPAREN Expression . RPAREN
    (12) Expression -> Expression . PLUS Term
    (13) Expression -> Expression . MINUS Term

    RPAREN          shift and go to state 71
    PLUS            shift and go to state 40
    MINUS           shift and go to state 41


state 52

    (10) Term -> Term CARET LBRACE . Factor RBRACE
    (2) Factor -> . NUMBER
    (3) Factor -> . Identifier
    (4) Factor -> . INFINITY
    (5) Factor -> . LPAREN Expression RPAREN
    (16) Factor -> . SQRT LBRACE Expression RBRACE
    (17) Factor -> . LFLOOR Expression RFLOOR
    (18) Factor -> . LCEIL Expression RCEIL
    (19) Factor -> . PIPE Expression PIPE
    (20) Factor -> . SIN LPAREN Expression RPAREN
    (21) Factor -> . COS LPAREN Expression RPAREN
    (22) Factor -> . TAN LPAREN Expression RPAREN
    (23) Factor -> . ATAN LPAREN Expression COMMA Expression RPAREN
    (24) Factor -> . ATAN LPAREN Expression RPAREN
    (25) Factor -> . LOG LPAREN Expression RPAREN
    (26) Factor -> . LN LPAREN Expression RPAREN
    (27) Factor -> . EXP LPAREN Expression RPAREN
    (28) Factor -> . Identifier LPAREN ExpressionList RPAREN
    (29) Factor -> . Identifier LPAREN RPAREN
    (30) Identifier -> . ID

    NUMBER          shift and go to state 5
    INFINITY        shift and go to state 8
    LPAREN          shift and go to state 16
    SQRT            shift and go to state 20
    LFLOOR          shift and go to state 1
    LCEIL           shift and go to state 4
    PIPE            shift and go to state 11
    SIN             shift and go to state 10
    COS             shift and go to state 2
    TAN             shift and go to state 12
    ATAN            shift and go to state 15
    LOG             shift and go to state 3
    LN              shift and go to state 9
    EXP             shift and go to state 6
    ID              shift and go to state 19

    Identifier                     shift and go to state 17
    Factor                         shift and go to state 72

state 53

    (7) Term -> Term DIVIDE Factor .

    TIMES           reduce using rule 7 (Term -> Term DIVIDE Factor .)
    DIVIDE          reduce using rule 7 (Term -> Term DIVIDE Factor .)
    MOD             reduce using rule 7 (Term -> Term DIVIDE Factor .)
    QUOTIENT        reduce using rule 7 (Term -> Term DIVIDE Factor .)
    CARET           reduce using rule 7 (Term -> Term DIVIDE Factor .)
    RBRACE          reduce using rule 7 (Term -> Term DIVIDE Factor .)
    PLUS            reduce using rule 7 (Term -> Term DIVIDE Factor .)
    MINUS           reduce using rule 7 (Term -> Term DIVIDE Factor .)
    $end            reduce using rule 7 (Term -> Term DIVIDE Factor .)
    RPAREN          reduce using rule 7 (Term -> Term DIVIDE Factor .)
    COMMA           reduce using rule 7 (Term -> Term DIVIDE Factor .)
    RFLOOR          reduce using rule 7 (Term -> Term DIVIDE Factor .)
    RCEIL           reduce using rule 7 (Term -> Term DIVIDE Factor .)
    PIPE            reduce using rule 7 (Term -> Term DIVIDE Factor .)


state 54

    (6) Term -> Term TIMES Factor .

    TIMES           reduce using rule 6 (Term -> Term TIMES Factor .)
    DIVIDE          reduce using rule 6 (Term -> Term TIMES Factor .)
    MOD             reduce using rule 6 (Term -> Term TIMES Factor .)
    QUOTIENT        reduce using rule 6 (Term -> Term TIMES Factor .)
    CARET           reduce using rule 6 (Term -> Term TIMES Factor .)
    RBRACE          reduce using rule 6 (Term -> Term TIMES Factor .)
    PLUS            reduce using rule 6 (Term -> Term TIMES Factor .)
    MINUS           reduce using rule 6 (Term -> Term TIMES Factor .)
    $end            reduce using rule 6 (Term -> Term TIMES Factor .)
    RPAREN          reduce using rule 6 (Term -> Term TIMES Factor .)
    COMMA           reduce using rule 6 (Term -> Term TIMES Factor .)
    RFLOOR          reduce using rule 6 (Term -> Term TIMES Factor .)
    RCEIL           reduce using rule 6 (Term -> Term TIMES Factor .)
    PIPE            reduce using rule 6 (Term -> Term TIMES Factor .)


state 55

    (8) Term -> Term MOD Factor .

    TIMES           reduce using rule 8 (Term -> Term MOD Factor .)
    DIVIDE          reduce using rule 8 (Term -> Term MOD Factor .)
    MOD             reduce using rule 8 (Term -> Term MOD Factor .)
    QUOTIENT        reduce using rule 8 (Term -> Term MOD Factor .)
    CARET           reduce using rule 8 (Term -> Term MOD Factor .)
    RBRACE          reduce using rule 8 (Term -> Term MOD Factor .)
    PLUS            reduce using rule 8 (Term -> Term MOD Factor .)
    MINUS           reduce using rule 8 (Term -> Term MOD Factor .)
    $end            reduce using rule 8 (Term -> Term MOD Factor .)
    RPAREN          reduce using rule 8 (Term -> Term MOD Factor .)
    COMMA           reduce using rule 8 (Term -> Term MOD Factor .)
    RFLOOR          reduce using rule 8 (Term -> Term MOD Factor .)
    RCEIL           reduce using rule 8 (Term -> Term MOD Factor .)
    PIPE            reduce using rule 8 (Term -> Term MOD Factor .)


state 56

    (9) Term -> Term QUOTIENT Factor .

    TIMES           reduce using rule 9 (Term -> Term QUOTIENT Factor .)
    DIVIDE          reduce using rule 9 (Term -> Term QUOTIENT Factor .)
    MOD             reduce using rule 9 (Term -> Term QUOTIENT Factor .)
    QUOTIENT        reduce using rule 9 (Term -> Term QUOTIENT Factor .)
    CARET           reduce using rule 9 (Term -> Term QUOTIENT Factor .)
    RBRACE          reduce using rule 9 (Term -> Term QUOTIENT Factor .)
    PLUS            reduce using rule 9 (Term -> Term QUOTIENT Factor .)
    MINUS           reduce using rule 9 (Term -> Term QUOTIENT Factor .)
    $end            reduce using rule 9 (Term -> Term QUOTIENT Factor .)
    RPAREN          reduce using rule 9 (Term -> Term QUOTIENT Factor .)
    COMMA           reduce using rule 9 (Term -> Term QUOTIENT Factor .)
    RFLOOR          reduce using rule 9 (Term -> Term QUOTIENT Factor .)
    RCEIL           reduce using rule 9 (Term -> Term QUOTIENT Factor .)
    PIPE            reduce using rule 9 (Term -> Term QUOTIENT Factor .)


state 57

    (15) Expression -> FRAC LBRACE Expression . RBRACE LBRACE Expression RBRACE
    (12) Expression -> Expression . PLUS Term
    (13) Expression -> Expression . MINUS Term

    RBRACE          shift and go to state 73
    PLUS            shift and go to state 40
    MINUS           shift and go to state 41


state 58

    (23) Factor -> ATAN LPAREN Expression . COMMA Expression RPAREN
    (24) Factor -> ATAN LPAREN Expression . RPAREN
    (12) Expression -> Expression . PLUS Term
    (13) Expression -> Expression . MINUS Term

    COMMA           shift and go to state 75
    RPAREN          shift and go to state 74
    PLUS            shift and go to state 40
    MINUS           shift and go to state 41


state 59

    (5) Factor -> LPAREN Expression RPAREN .

    TIMES           reduce using rule 5 (Factor -> LPAREN Expression RPAREN .)
    DIVIDE          reduce using rule 5 (Factor -> LPAREN Expression RPAREN .)
    MOD             reduce using rule 5 (Factor -> LPAREN Expression RPAREN .)
    QUOTIENT        reduce using rule 5 (Factor -> LPAREN Expression RPAREN .)
    CARET           reduce using rule 5 (Factor -> LPAREN Expression RPAREN .)
    RPAREN          reduce using rule 5 (Factor -> LPAREN Expression RPAREN .)
    PLUS            reduce using rule 5 (Factor -> LPAREN Expression RPAREN .)
    MINUS           reduce using rule 5 (Factor -> LPAREN Expression RPAREN .)
    PIPE            reduce using rule 5 (Factor -> LPAREN Expression RPAREN .)
    $end            reduce using rule 5 (Factor -> LPAREN Expression RPAREN .)
    RFLOOR          reduce using rule 5 (Factor -> LPAREN Expression RPAREN .)
    RCEIL           reduce using rule 5 (Factor -> LPAREN Expression RPAREN .)
    RBRACE          reduce using rule 5 (Factor -> LPAREN Expression RPAREN .)
    COMMA           reduce using rule 5 (Factor -> LPAREN Expression RPAREN .)


state 60

    (29) Factor -> Identifier LPAREN RPAREN .

    TIMES           reduce using rule 29 (Factor -> Identifier LPAREN RPAREN .)
    DIVIDE          reduce using rule 29 (Factor -> Identifier LPAREN RPAREN .)
    MOD             reduce using rule 29 (Factor -> Identifier LPAREN RPAREN .)
    QUOTIENT        reduce using rule 29 (Factor -> Identifier LPAREN RPAREN .)
    CARET           reduce using rule 29 (Factor -> Identifier LPAREN RPAREN .)
    RPAREN          reduce using rule 29 (Factor -> Identifier LPAREN RPAREN .)
    PLUS            reduce using rule 29 (Factor -> Identifier LPAREN RPAREN .)
    MINUS           reduce using rule 29 (Factor -> Identifier LPAREN RPAREN .)
    PIPE            reduce using rule 29 (Factor -> Identifier LPAREN RPAREN .)
    $end            reduce using rule 29 (Factor -> Identifier LPAREN RPAREN .)
    RFLOOR          reduce using rule 29 (Factor -> Identifier LPAREN RPAREN .)
    RCEIL           reduce using rule 29 (Factor -> Identifier LPAREN RPAREN .)
    RBRACE          reduce using rule 29 (Factor -> Identifier LPAREN RPAREN .)
    COMMA           reduce using rule 29 (Factor -> Identifier LPAREN RPAREN .)


state 61

    (28) Factor -> Identifier LPAREN ExpressionList . RPAREN
    (31) ExpressionList -> ExpressionList . COMMA Expression

    RPAREN          shift and go to state 76
    COMMA           shift and go to state 77


state 62

    (32) ExpressionList -> Expression .
    (12) Expression -> Expression . PLUS Term
    (13) Expression -> Expression . MINUS Term

    RPAREN          reduce using rule 32 (ExpressionList -> Expression .)
    COMMA           reduce using rule 32 (ExpressionList -> Expression .)
    PLUS            shift and go to state 40
    MINUS           shift and go to state 41


state 63

    (12) Expression -> Expression PLUS Term .
    (6) Term -> Term . TIMES Factor
    (7) Term -> Term . DIVIDE Factor
    (8) Term -> Term . MOD Factor
    (9) Term -> Term . QUOTIENT Factor
    (10) Term -> Term . CARET LBRACE Factor RBRACE

    RPAREN          reduce using rule 12 (Expression -> Expression PLUS Term .)
    PLUS            reduce using rule 12 (Expression -> Expression PLUS Term .)
    MINUS           reduce using rule 12 (Expression -> Expression PLUS Term .)
    RBRACE          reduce using rule 12 (Expression -> Expression PLUS Term .)
    PIPE            reduce using rule 12 (Expression -> Expression PLUS Term .)
    RCEIL           reduce using rule 12 (Expression -> Expression PLUS Term .)
    COMMA           reduce using rule 12 (Expression -> Expression PLUS Term .)
    RFLOOR          reduce using rule 12 (Expression -> Expression PLUS Term .)
    $end            reduce using rule 12 (Expression -> Expression PLUS Term .)
    TIMES           shift and go to state 33
    DIVIDE          shift and go to state 32
    MOD             shift and go to state 34
    QUOTIENT        shift and go to state 35
    CARET           shift and go to state 31


state 64

    (13) Expression -> Expression MINUS Term .
    (6) Term -> Term . TIMES Factor
    (7) Term -> Term . DIVIDE Factor
    (8) Term -> Term . MOD Factor
    (9) Term -> Term . QUOTIENT Factor
    (10) Term -> Term . CARET LBRACE Factor RBRACE

    RPAREN          reduce using rule 13 (Expression -> Expression MINUS Term .)
    PLUS            reduce using rule 13 (Expression -> Expression MINUS Term .)
    MINUS           reduce using rule 13 (Expression -> Expression MINUS Term .)
    RBRACE          reduce using rule 13 (Expression -> Expression MINUS Term .)
    PIPE            reduce using rule 13 (Expression -> Expression MINUS Term .)
    RCEIL           reduce using rule 13 (Expression -> Expression MINUS Term .)
    COMMA           reduce using rule 13 (Expression -> Expression MINUS Term .)
    RFLOOR          reduce using rule 13 (Expression -> Expression MINUS Term .)
    $end            reduce using rule 13 (Expression -> Expression MINUS Term .)
    TIMES           shift and go to state 33
    DIVIDE          shift and go to state 32
    MOD             shift and go to state 34
    QUOTIENT        shift and go to state 35
    CARET           shift and go to state 31


state 65

    (16) Factor -> SQRT LBRACE Expression . RBRACE
    (12) Expression -> Expression . PLUS Term
    (13) Expression -> Expression . MINUS Term

    RBRACE          shift and go to state 78
    PLUS            shift and go to state 40
    MINUS           shift and go to state 41


state 66

    (21) Factor -> COS LPAREN Expression RPAREN .

    TIMES           reduce using rule 21 (Factor -> COS LPAREN Expression RPAREN .)
    DIVIDE          reduce using rule 21 (Factor -> COS LPAREN Expression RPAREN .)
    MOD             reduce using rule 21 (Factor -> COS LPAREN Expression RPAREN .)
    QUOTIENT        reduce using rule 21 (Factor -> COS LPAREN Expression RPAREN .)
    CARET           reduce using rule 21 (Factor -> COS LPAREN Expression RPAREN .)
    RPAREN          reduce using rule 21 (Factor -> COS LPAREN Expression RPAREN .)
    PLUS            reduce using rule 21 (Factor -> COS LPAREN Expression RPAREN .)
    MINUS           reduce using rule 21 (Factor -> COS LPAREN Expression RPAREN .)
    PIPE            reduce using rule 21 (Factor -> COS LPAREN Expression RPAREN .)
    $end            reduce using rule 21 (Factor -> COS LPAREN Expression RPAREN .)
    RFLOOR          reduce using rule 21 (Factor -> COS LPAREN Expression RPAREN .)
    RCEIL           reduce using rule 21 (Factor -> COS LPAREN Expression RPAREN .)
    RBRACE          reduce using rule 21 (Factor -> COS LPAREN Expression RPAREN .)
    COMMA           reduce using rule 21 (Factor -> COS LPAREN Expression RPAREN .)


state 67

    (25) Factor -> LOG LPAREN Expression RPAREN .

    TIMES           reduce using rule 25 (Factor -> LOG LPAREN Expression RPAREN .)
    DIVIDE          reduce using rule 25 (Factor -> LOG LPAREN Expression RPAREN .)
    MOD             reduce using rule 25 (Factor -> LOG LPAREN Expression RPAREN .)
    QUOTIENT        reduce using rule 25 (Factor -> LOG LPAREN Expression RPAREN .)
    CARET           reduce using rule 25 (Factor -> LOG LPAREN Expression RPAREN .)
    RPAREN          reduce using rule 25 (Factor -> LOG LPAREN Expression RPAREN .)
    PLUS            reduce using rule 25 (Factor -> LOG LPAREN Expression RPAREN .)
    MINUS           reduce using rule 25 (Factor -> LOG LPAREN Expression RPAREN .)
    PIPE            reduce using rule 25 (Factor -> LOG LPAREN Expression RPAREN .)
    $end            reduce using rule 25 (Factor -> LOG LPAREN Expression RPAREN .)
    RFLOOR          reduce using rule 25 (Factor -> LOG LPAREN Expression RPAREN .)
    RCEIL           reduce using rule 25 (Factor -> LOG LPAREN Expression RPAREN .)
    RBRACE          reduce using rule 25 (Factor -> LOG LPAREN Expression RPAREN .)
    COMMA           reduce using rule 25 (Factor -> LOG LPAREN Expression RPAREN .)


state 68

    (27) Factor -> EXP LPAREN Expression RPAREN .

    TIMES           reduce using rule 27 (Factor -> EXP LPAREN Expression RPAREN .)
    DIVIDE          reduce using rule 27 (Factor -> EXP LPAREN Expression RPAREN .)
    MOD             reduce using rule 27 (Factor -> EXP LPAREN Expression RPAREN .)
    QUOTIENT        reduce using rule 27 (Factor -> EXP LPAREN Expression RPAREN .)
    CARET           reduce using rule 27 (Factor -> EXP LPAREN Expression RPAREN .)
    RPAREN          reduce using rule 27 (Factor -> EXP LPAREN Expression RPAREN .)
    PLUS            reduce using rule 27 (Factor -> EXP LPAREN Expression RPAREN .)
    MINUS           reduce using rule 27 (Factor -> EXP LPAREN Expression RPAREN .)
    PIPE            reduce using rule 27 (Factor -> EXP LPAREN Expression RPAREN .)
    $end            reduce using rule 27 (Factor -> EXP LPAREN Expression RPAREN .)
    RFLOOR          reduce using rule 27 (Factor -> EXP LPAREN Expression RPAREN .)
    RCEIL           reduce using rule 27 (Factor -> EXP LPAREN Expression RPAREN .)
    RBRACE          reduce using rule 27 (Factor -> EXP LPAREN Expression RPAREN .)
    COMMA           reduce using rule 27 (Factor -> EXP LPAREN Expression RPAREN .)


state 69

    (26) Factor -> LN LPAREN Expression RPAREN .

    TIMES           reduce using rule 26 (Factor -> LN LPAREN Expression RPAREN .)
    DIVIDE          reduce using rule 26 (Factor -> LN LPAREN Expression RPAREN .)
    MOD             reduce using rule 26 (Factor -> LN LPAREN Expression RPAREN .)
    QUOTIENT        reduce using rule 26 (Factor -> LN LPAREN Expression RPAREN .)
    CARET           reduce using rule 26 (Factor -> LN LPAREN Expression RPAREN .)
    RPAREN          reduce using rule 26 (Factor -> LN LPAREN Expression RPAREN .)
    PLUS            reduce using rule 26 (Factor -> LN LPAREN Expression RPAREN .)
    MINUS           reduce using rule 26 (Factor -> LN LPAREN Expression RPAREN .)
    PIPE            reduce using rule 26 (Factor -> LN LPAREN Expression RPAREN .)
    $end            reduce using rule 26 (Factor -> LN LPAREN Expression RPAREN .)
    RFLOOR          reduce using rule 26 (Factor -> LN LPAREN Expression RPAREN .)
    RCEIL           reduce using rule 26 (Factor -> LN LPAREN Expression RPAREN .)
    RBRACE          reduce using rule 26 (Factor -> LN LPAREN Expression RPAREN .)
    COMMA           reduce using rule 26 (Factor -> LN LPAREN Expression RPAREN .)


state 70

    (20) Factor -> SIN LPAREN Expression RPAREN .

    TIMES           reduce using rule 20 (Factor -> SIN LPAREN Expression RPAREN .)
    DIVIDE          reduce using rule 20 (Factor -> SIN LPAREN Expression RPAREN .)
    MOD             reduce using rule 20 (Factor -> SIN LPAREN Expression RPAREN .)
    QUOTIENT        reduce using rule 20 (Factor -> SIN LPAREN Expression RPAREN .)
    CARET           reduce using rule 20 (Factor -> SIN LPAREN Expression RPAREN .)
    RPAREN          reduce using rule 20 (Factor -> SIN LPAREN Expression RPAREN .)
    PLUS            reduce using rule 20 (Factor -> SIN LPAREN Expression RPAREN .)
    MINUS           reduce using rule 20 (Factor -> SIN LPAREN Expression RPAREN .)
    PIPE            reduce using rule 20 (Factor -> SIN LPAREN Expression RPAREN .)
    $end            reduce using rule 20 (Factor -> SIN LPAREN Expression RPAREN .)
    RFLOOR          reduce using rule 20 (Factor -> SIN LPAREN Expression RPAREN .)
    RCEIL           reduce using rule 20 (Factor -> SIN LPAREN Expression RPAREN .)
    RBRACE          reduce using rule 20 (Factor -> SIN LPAREN Expression RPAREN .)
    COMMA           reduce using rule 20 (Factor -> SIN LPAREN Expression RPAREN .)


state 71

    (22) Factor -> TAN LPAREN Expression RPAREN .

    TIMES           reduce using rule 22 (Factor -> TAN LPAREN Expression RPAREN .)
    DIVIDE          reduce using rule 22 (Factor -> TAN LPAREN Expression RPAREN .)
    MOD             reduce using rule 22 (Factor -> TAN LPAREN Expression RPAREN .)
    QUOTIENT        reduce using rule 22 (Factor -> TAN LPAREN Expression RPAREN .)
    CARET           reduce using rule 22 (Factor -> TAN LPAREN Expression RPAREN .)
    RPAREN          reduce using rule 22 (Factor -> TAN LPAREN Expression RPAREN .)
    PLUS            reduce using rule 22 (Factor -> TAN LPAREN Expression RPAREN .)
    MINUS           reduce using rule 22 (Factor -> TAN LPAREN Expression RPAREN .)
    PIPE            reduce using rule 22 (Factor -> TAN LPAREN Expression RPAREN .)
    $end            reduce using rule 22 (Factor -> TAN LPAREN Expression RPAREN .)
    RFLOOR          reduce using rule 22 (Factor -> TAN LPAREN Expression RPAREN .)
    RCEIL           reduce using rule 22 (Factor -> TAN LPAREN Expression RPAREN .)
    RBRACE          reduce using rule 22 (Factor -> TAN LPAREN Expression RPAREN .)
    COMMA           reduce using rule 22 (Factor -> TAN LPAREN Expression RPAREN .)


state 72

    (10) Term -> Term CARET LBRACE Factor . RBRACE

    RBRACE          shift and go to state 79


state 73

    (15) Expression -> FRAC LBRACE Expression RBRACE . LBRACE Expression RBRACE

    LBRACE          shift and go to state 80


state 74

    (24) Factor -> ATAN LPAREN Expression RPAREN .

    TIMES           reduce using rule 24 (Factor -> ATAN LPAREN Expression RPAREN .)
    DIVIDE          reduce using rule 24 (Factor -> ATAN LPAREN Expression RPAREN .)
    MOD             reduce using rule 24 (Factor -> ATAN LPAREN Expression RPAREN .)
    QUOTIENT        reduce using rule 24 (Factor -> ATAN LPAREN Expression RPAREN .)
    CARET           reduce using rule 24 (Factor -> ATAN LPAREN Expression RPAREN .)
    RPAREN          reduce using rule 24 (Factor -> ATAN LPAREN Expression RPAREN .)
    PLUS            reduce using rule 24 (Factor -> ATAN LPAREN Expression RPAREN .)
    MINUS           reduce using rule 24 (Factor -> ATAN LPAREN Expression RPAREN .)
    PIPE            reduce using rule 24 (Factor -> ATAN LPAREN Expression RPAREN .)
    $end            reduce using rule 24 (Factor -> ATAN LPAREN Expression RPAREN .)
    RFLOOR          reduce using rule 24 (Factor -> ATAN LPAREN Expression RPAREN .)
    RCEIL           reduce using rule 24 (Factor -> ATAN LPAREN Expression RPAREN .)
    RBRACE          reduce using rule 24 (Factor -> ATAN LPAREN Expression RPAREN .)
    COMMA           reduce using rule 24 (Factor -> ATAN LPAREN Expression RPAREN .)


state 75

    (23) Factor -> ATAN LPAREN Expression COMMA . Expression RPAREN
    (12) Expression -> . Expression PLUS Term
    (13) Expression -> . Expression MINUS Term
    (14) Expression -> . Term
    (15) Expression -> . FRAC LBRACE Expression RBRACE LBRACE Expression RBRACE
    (6) Term -> . Term TIMES Factor
    (7) Term -> . Term DIVIDE Factor
    (8) Term -> . Term MOD Factor
    (9) Term -> . Term QUOTIENT Factor
    (10) Term -> . Term CARET LBRACE Factor RBRACE
    (11) Term -> . Factor
    (2) Factor -> . NUMBER
    (3) Factor -> . Identifier
    (4) Factor -> . INFINITY
    (5) Factor -> . LPAREN Expression RPAREN
    (16) Factor -> . SQRT LBRACE Expression RBRACE
    (17) Factor -> . LFLOOR Expression RFLOOR
    (18) Factor -> . LCEIL Expression RCEIL
    (19) Factor -> . PIPE Expression PIPE
    (20) Factor -> . SIN LPAREN Expression RPAREN
    (21) Factor -> . COS LPAREN Expression RPAREN
    (22) Factor -> . TAN LPAREN Expression RPAREN
    (23) Factor -> . ATAN LPAREN Expression COMMA Expression RPAREN
    (24) Factor -> . ATAN LPAREN Expression RPAREN
    (25) Factor -> . LOG LPAREN Expression RPAREN
    (26) Factor -> . LN LPAREN Expression RPAREN
    (27) Factor -> . EXP LPAREN Expression RPAREN
    (28) Factor -> . Identifier LPAREN ExpressionList RPAREN
    (29) Factor -> . Identifier LPAREN RPAREN
    (30) Identifier -> . ID

    FRAC            shift and go to state 14
    NUMBER          shift and go to state 5
    INFINITY        shift and go to state 8
    LPAREN          shift and go to state 16
    SQRT            shift and go to state 20
    LFLOOR          shift and go to state 1
    LCEIL           shift and go to state 4
    PIPE            shift and go to state 11
    SIN             shift and go to state 10
    COS             shift and go to state 2
    TAN             shift and go to state 12
    ATAN            shift and go to state 15
    LOG             shift and go to state 3
    LN              shift and go to state 9
    EXP             shift and go to state 6
    ID              shift and go to state 19

    Term                           shift and go to state 13
    Identifier                     shift and go to state 17
    Expression                     shift and go to state 81
    Factor                         shift and go to state 7

state 76

    (28) Factor -> Identifier LPAREN ExpressionList RPAREN .

    TIMES           reduce using rule 28 (Factor -> Identifier LPAREN ExpressionList RPAREN .)
    DIVIDE          reduce using rule 28 (Factor -> Identifier LPAREN ExpressionList RPAREN .)
    MOD             reduce using rule 28 (Factor -> Identifier LPAREN ExpressionList RPAREN .)
    QUOTIENT        reduce using rule 28 (Factor -> Identifier LPAREN ExpressionList RPAREN .)
    CARET           reduce using rule 28 (Factor -> Identifier LPAREN ExpressionList RPAREN .)
    RPAREN          reduce using rule 28 (Factor -> Identifier LPAREN ExpressionList RPAREN .)
    PLUS            reduce using rule 28 (Factor -> Identifier LPAREN ExpressionList RPAREN .)
    MINUS           reduce using rule 28 (Factor -> Identifier LPAREN ExpressionList RPAREN .)
    PIPE            reduce using rule 28 (Factor -> Identifier LPAREN ExpressionList RPAREN .)
    $end            reduce using rule 28 (Factor -> Identifier LPAREN ExpressionList RPAREN .)
    RFLOOR          reduce using rule 28 (Factor -> Identifier LPAREN ExpressionList RPAREN .)
    RCEIL           reduce using rule 28 (Factor -> Identifier LPAREN ExpressionList RPAREN .)
    RBRACE          reduce using rule 28 (Factor -> Identifier LPAREN ExpressionList RPAREN .)
    COMMA           reduce using rule 28 (Factor -> Identifier LPAREN ExpressionList RPAREN .)


state 77

    (31) ExpressionList -> ExpressionList COMMA . Expression
    (12) Expression -> . Expression PLUS Term
    (13) Expression -> . Expression MINUS Term
    (14) Expression -> . Term
    (15) Expression -> . FRAC LBRACE Expression RBRACE LBRACE Expression RBRACE
    (6) Term -> . Term TIMES Factor
    (7) Term -> . Term DIVIDE Factor
    (8) Term -> . Term MOD Factor
    (9) Term -> . Term QUOTIENT Factor
    (10) Term -> . Term CARET LBRACE Factor RBRACE
    (11) Term -> . Factor
    (2) Factor -> . NUMBER
    (3) Factor -> . Identifier
    (4) Factor -> . INFINITY
    (5) Factor -> . LPAREN Expression RPAREN
    (16) Factor -> . SQRT LBRACE Expression RBRACE
    (17) Factor -> . LFLOOR Expression RFLOOR
    (18) Factor -> . LCEIL Expression RCEIL
    (19) Factor -> . PIPE Expression PIPE
    (20) Factor -> . SIN LPAREN Expression RPAREN
    (21) Factor -> . COS LPAREN Expression RPAREN
    (22) Factor -> . TAN LPAREN Expression RPAREN
    (23) Factor -> . ATAN LPAREN Expression COMMA Expression RPAREN
    (24) Factor -> . ATAN LPAREN Expression RPAREN
    (25) Factor -> . LOG LPAREN Expression RPAREN
    (26) Factor -> . LN LPAREN Expression RPAREN
    (27) Factor -> . EXP LPAREN Expression RPAREN
    (28) Factor -> . Identifier LPAREN ExpressionList RPAREN
    (29) Factor -> . Identifier LPAREN RPAREN
    (30) Identifier -> . ID

    FRAC            shift and go to state 14
    NUMBER          shift and go to state 5
    INFINITY        shift and go to state 8
    LPAREN          shift and go to state 16
    SQRT            shift and go to state 20
    LFLOOR          shift and go to state 1
    LCEIL           shift and go to state 4
    PIPE            shift and go to state 11
    SIN             shift and go to state 10
    COS             shift and go to state 2
    TAN             shift and go to state 12
    ATAN            shift and go to state 15
    LOG             shift and go to state 3
    LN              shift and go to state 9
    EXP             shift and go to state 6
    ID              shift and go to state 19

    Expression                     shift and go to state 82
    Term                           shift and go to state 13
    Identifier                     shift and go to state 17
    Factor                         shift and go to state 7

state 78

    (16) Factor -> SQRT LBRACE Expression RBRACE .

    TIMES           reduce using rule 16 (Factor -> SQRT LBRACE Expression RBRACE .)
    DIVIDE          reduce using rule 16 (Factor -> SQRT LBRACE Expression RBRACE .)
    MOD             reduce using rule 16 (Factor -> SQRT LBRACE Expression RBRACE .)
    QUOTIENT        reduce using rule 16 (Factor -> SQRT LBRACE Expression RBRACE .)
    CARET           reduce using rule 16 (Factor -> SQRT LBRACE Expression RBRACE .)
    RPAREN          reduce using rule 16 (Factor -> SQRT LBRACE Expression RBRACE .)
    PLUS            reduce using rule 16 (Factor -> SQRT LBRACE Expression RBRACE .)
    MINUS           reduce using rule 16 (Factor -> SQRT LBRACE Expression RBRACE .)
    PIPE            reduce using rule 16 (Factor -> SQRT LBRACE Expression RBRACE .)
    $end            reduce using rule 16 (Factor -> SQRT LBRACE Expression RBRACE .)
    RFLOOR          reduce using rule 16 (Factor -> SQRT LBRACE Expression RBRACE .)
    RCEIL           reduce using rule 16 (Factor -> SQRT LBRACE Expression RBRACE .)
    RBRACE          reduce using rule 16 (Factor -> SQRT LBRACE Expression RBRACE .)
    COMMA           reduce using rule 16 (Factor -> SQRT LBRACE Expression RBRACE .)


state 79

    (10) Term -> Term CARET LBRACE Factor RBRACE .

    TIMES           reduce using rule 10 (Term -> Term CARET LBRACE Factor RBRACE .)
    DIVIDE          reduce using rule 10 (Term -> Term CARET LBRACE Factor RBRACE .)
    MOD             reduce using rule 10 (Term -> Term CARET LBRACE Factor RBRACE .)
    QUOTIENT        reduce using rule 10 (Term -> Term CARET LBRACE Factor RBRACE .)
    CARET           reduce using rule 10 (Term -> Term CARET LBRACE Factor RBRACE .)
    RBRACE          reduce using rule 10 (Term -> Term CARET LBRACE Factor RBRACE .)
    PLUS            reduce using rule 10 (Term -> Term CARET LBRACE Factor RBRACE .)
    MINUS           reduce using rule 10 (Term -> Term CARET LBRACE Factor RBRACE .)
    $end            reduce using rule 10 (Term -> Term CARET LBRACE Factor RBRACE .)
    RPAREN          reduce using rule 10 (Term -> Term CARET LBRACE Factor RBRACE .)
    COMMA           reduce using rule 10 (Term -> Term CARET LBRACE Factor RBRACE .)
    RFLOOR          reduce using rule 10 (Term -> Term CARET LBRACE Factor RBRACE .)
    RCEIL           reduce using rule 10 (Term -> Term CARET LBRACE Factor RBRACE .)
    PIPE            reduce using rule 10 (Term -> Term CARET LBRACE Factor RBRACE .)


state 80

    (15) Expression -> FRAC LBRACE Expression RBRACE LBRACE . Expression RBRACE
    (12) Expression -> . Expression PLUS Term
    (13) Expression -> . Expression MINUS Term
    (14) Expression -> . Term
    (15) Expression -> . FRAC LBRACE Expression RBRACE LBRACE Expression RBRACE
    (6) Term -> . Term TIMES Factor
    (7) Term -> . Term DIVIDE Factor
    (8) Term -> . Term MOD Factor
    (9) Term -> . Term QUOTIENT Factor
    (10) Term -> . Term CARET LBRACE Factor RBRACE
    (11) Term -> . Factor
    (2) Factor -> . NUMBER
    (3) Factor -> . Identifier
    (4) Factor -> . INFINITY
    (5) Factor -> . LPAREN Expression RPAREN
    (16) Factor -> . SQRT LBRACE Expression RBRACE
    (17) Factor -> . LFLOOR Expression RFLOOR
    (18) Factor -> . LCEIL Expression RCEIL
    (19) Factor -> . PIPE Expression PIPE
    (20) Factor -> . SIN LPAREN Expression RPAREN
    (21) Factor -> . COS LPAREN Expression RPAREN
    (22) Factor -> . TAN LPAREN Expression RPAREN
    (23) Factor -> . ATAN LPAREN Expression COMMA Expression RPAREN
    (24) Factor -> . ATAN LPAREN Expression RPAREN
    (25) Factor -> . LOG LPAREN Expression RPAREN
    (26) Factor -> . LN LPAREN Expression RPAREN
    (27) Factor -> . EXP LPAREN Expression RPAREN
    (28) Factor -> . Identifier LPAREN ExpressionList RPAREN
    (29) Factor -> . Identifier LPAREN RPAREN
    (30) Identifier -> . ID

    FRAC            shift and go to state 14
    NUMBER          shift and go to state 5
    INFINITY        shift and go to state 8
    LPAREN          shift and go to state 16
    SQRT            shift and go to state 20
    LFLOOR          shift and go to state 1
    LCEIL           shift and go to state 4
    PIPE            shift and go to state 11
    SIN             shift and go to state 10
    COS             shift and go to state 2
    TAN             shift and go to state 12
    ATAN            shift and go to state 15
    LOG             shift and go to state 3
    LN              shift and go to state 9
    EXP             shift and go to state 6
    ID              shift and go to state 19

    Term                           shift and go to state 13
    Identifier                     shift and go to state 17
    Expression                     shift and go to state 83
    Factor                         shift and go to state 7

state 81

    (23) Factor -> ATAN LPAREN Expression COMMA Expression . RPAREN
    (12) Expression -> Expression . PLUS Term
    (13) Expression -> Expression . MINUS Term

    RPAREN          shift and go to state 84
    PLUS            shift and go to state 40
    MINUS           shift and go to state 41


state 82

    (31) ExpressionList -> ExpressionList COMMA Expression .
    (12) Expression -> Expression . PLUS Term
    (13) Expression -> Expression . MINUS Term

    RPAREN          reduce using rule 31 (ExpressionList -> ExpressionList COMMA Expression .)
    COMMA           reduce using rule 31 (ExpressionList -> ExpressionList COMMA Expression .)
    PLUS            shift and go to state 40
    MINUS           shift and go to state 41


state 83

    (15) Expression -> FRAC LBRACE Expression RBRACE LBRACE Expression . RBRACE
    (12) Expression -> Expression . PLUS Term
    (13) Expression -> Expression . MINUS Term

    RBRACE          shift and go to state 85
    PLUS            shift and go to state 40
    MINUS           shift and go to state 41


state 84

    (23) Factor -> ATAN LPAREN Expression COMMA Expression RPAREN .

    TIMES           reduce using rule 23 (Factor -> ATAN LPAREN Expression COMMA Expression RPAREN .)
    DIVIDE          reduce using rule 23 (Factor -> ATAN LPAREN Expression COMMA Expression RPAREN .)
    MOD             reduce using rule 23 (Factor -> ATAN LPAREN Expression COMMA Expression RPAREN .)
    QUOTIENT        reduce using rule 23 (Factor -> ATAN LPAREN Expression COMMA Expression RPAREN .)
    CARET           reduce using rule 23 (Factor -> ATAN LPAREN Expression COMMA Expression RPAREN .)
    RPAREN          reduce using rule 23 (Factor -> ATAN LPAREN Expression COMMA Expression RPAREN .)
    PLUS            reduce using rule 23 (Factor -> ATAN LPAREN Expression COMMA Expression RPAREN .)
    MINUS           reduce using rule 23 (Factor -> ATAN LPAREN Expression COMMA Expression RPAREN .)
    PIPE            reduce using rule 23 (Factor -> ATAN LPAREN Expression COMMA Expression RPAREN .)
    $end            reduce using rule 23 (Factor -> ATAN LPAREN Expression COMMA Expression RPAREN .)
    RFLOOR          reduce using rule 23 (Factor -> ATAN LPAREN Expression COMMA Expression RPAREN .)
    RCEIL           reduce using rule 23 (Factor -> ATAN LPAREN Expression COMMA Expression RPAREN .)
    RBRACE          reduce using rule 23 (Factor -> ATAN LPAREN Expression COMMA Expression RPAREN .)
    COMMA           reduce using rule 23 (Factor -> ATAN LPAREN Expression COMMA Expression RPAREN .)


state 85

    (15) Expression -> FRAC LBRACE Expression RBRACE LBRACE Expression RBRACE .

    RPAREN          reduce using rule 15 (Expression -> FRAC LBRACE Expression RBRACE LBRACE Expression RBRACE .)
    PLUS            reduce using rule 15 (Expression -> FRAC LBRACE Expression RBRACE LBRACE Expression RBRACE .)
    MINUS           reduce using rule 15 (Expression -> FRAC LBRACE Expression RBRACE LBRACE Expression RBRACE .)
    RBRACE          reduce using rule 15 (Expression -> FRAC LBRACE Expression RBRACE LBRACE Expression RBRACE .)
    PIPE            reduce using rule 15 (Expression -> FRAC LBRACE Expression RBRACE LBRACE Expression RBRACE .)
    RCEIL           reduce using rule 15 (Expression -> FRAC LBRACE Expression RBRACE LBRACE Expression RBRACE .)
    COMMA           reduce using rule 15 (Expression -> FRAC LBRACE Expression RBRACE LBRACE Expression RBRACE .)
    RFLOOR          reduce using rule 15 (Expression -> FRAC LBRACE Expression RBRACE LBRACE Expression RBRACE .)
    $end            reduce using rule 15 (Expression -> FRAC LBRACE Expression RBRACE LBRACE Expression RBRACE .)

